<?xml version="1.0" encoding="UTF-8"?>
<starcode>
  <gene>
    <gene_symbol>alphagamma-element</gene_symbol>
    <gene_symbol_sgml>&amp;agr;&amp;ggr;-element</gene_symbol_sgml>
    <FBid>FBgn0004084</FBid>
    <full_name>alphagamma element</full_name>
    <full_name_sgml>&amp;agr;&amp;ggr; element</full_name_sgml>
    <record_type>multicopy_nuclear_untranslated_RNA_gene</record_type>
    <record_synonym>
      <synonym>Hsralphagamma</synonym>
      <synonym_sgml>Hsr&amp;agr;&amp;ggr;</synonym_sgml>
    </record_synonym>
    <genetic_location>
      <gloc>3-[51]</gloc>
    </genetic_location>
    <cyto_location>
      <cloc>87C1</cloc>
    </cyto_location>
    <cyto_location>
      <cloc>Left limit from molecular mapping relative to Hsp70Ba (FBrf0035243)</cloc>
    </cyto_location>
    <cyto_location>
      <cloc>Right limit from molecular mapping relative to Hsp70Bc (FBrf0035243)</cloc>
    </cyto_location>
    <gene_aneuploid>Deficiency: Df(3R)kar-Sz12 (inferred from cytology)</gene_aneuploid>
    <gene_aneuploid>Duplication: Dp(3;3)D1a (inferred from cytology)</gene_aneuploid>
    <NA_accession>AC007668; BDGP:BACR02G11</NA_accession>
    <NA_accession>J01067</NA_accession>
    <generel>
      <gene_relationship>component genes: @&amp;agr;&amp;ggr;-element:CR32865@</gene_relationship>
    </generel>
    <gene_description>A non-coding repeated sequence best characterised from an array
located between @Hsp70Ba@ and @Hsp70Bb@ whose transcription is
induced by heat shock. The transcripts are not translated.</gene_description>
    <greference>FBrf0099762 == gm7553.h == rd3789 == ew8452.hf == Deak et al., 1997, Genetics 147(4): 1697--1722</greference>
    <greference>FBrf0125057 == rd3717.hf == Deak, 1999.12.22, personal communication to FlyBase</greference>
    <greference>FBrf0037272 == Hackett and Lis, 1981, Proc. Natl. Acad. Sci. USA 78(10): 6196--6200</greference>
    <greference>FBrf0087528 == Lakhotia, 1996, Indian J. Biochem. Biophys. 33(2): 93--102</greference>
    <greference>FBrf0066905 == Lindsley and Zimm, 1992, book</greference>
    <greference>FBrf0031174 == Lis et al., 1978, Cell 14(4): 901--919</greference>
    <greference>FBrf0036196 == Lis et al., 1981, Dev. Biol. 83(2): 291--300</greference>
    <greference>FBrf0032380 == Livak et al., 1978, Proc. Natl. Acad. Sci. USA 75: 5613--5617</greference>
    <greference>FBrf0151851 == cy1789 == Maside et al., 2002, Curr. Biol. 12(19): 1686--1691</greference>
    <greference>FBrf0155827 == rd4791 == Misra et al., 2002, GenomeBiol. 3(12): RESEARCH0083</greference>
    <greference>FBrf0083435 == Sharma and Lakhotia, 1995, Chromosome Res. 3(6): 386--393</greference>
    <reference>FBrf0099762 == gm7553.h == rd3789 == Deak et al., 1997, Genetics 147(4): 1697--1722</reference>
    <record_synonym>
      <synonym>alpha-gamma element</synonym>
      <synonym_sgml>&amp;agr;-&amp;ggr; element</synonym_sgml>
    </record_synonym>
    <record_synonym>
      <synonym>0516/01</synonym>
      <synonym_sgml>0516/01</synonym_sgml>
    </record_synonym>
    <record_synonym>
      <synonym>516/1</synonym>
      <synonym_sgml>516/1</synonym_sgml>
    </record_synonym>
    <cyto_location>
      <cloc>87C1--3 (determined by in situ hybridisation)</cloc>
      <cyto_comment>Location inferred from insertion in: &amp;agr;&amp;ggr;-element&lt;up&gt;S051601&lt;/up&gt;</cyto_comment>
    </cyto_location>
    <molecular_info>Maps to clone: 140A9</molecular_info>
    <molecular_info>Maps to clone: 140B9</molecular_info>
    <molecular_info>Maps to clone: 78D3</molecular_info>
    <molecular_info>Maps to clone: 65D1</molecular_info>
    <molecular_info>Does not map to clone: 140A9</molecular_info>
    <molecular_info>Does not map to clone: 140A10</molecular_info>
    <molecular_info>Does not map to clone: 130H3</molecular_info>
    <molecular_info>Does not map to clone: 3H2</molecular_info>
    <molecular_info>Does not map to clone: 4A1</molecular_info>
    <molecular_info>Does not map to clone: 12H12</molecular_info>
    <molecular_info>Does not map to clone: 48A5</molecular_info>
    <molecular_info>Does not map to clone: 50G2</molecular_info>
    <molecular_info>Does not map to clone: 63E8</molecular_info>
    <molecular_info>Does not map to clone: 66D5</molecular_info>
    <molecular_info>Does not map to clone: 99G4</molecular_info>
    <molecular_info>Does not map to clone: 99G6</molecular_info>
    <molecular_info>Does not map to clone: 134C5</molecular_info>
    <molecular_info>Does not map to clone: 169B5</molecular_info>
    <molecular_info>Does not map to clone: 171C11</molecular_info>
    <molecular_info>Does not map to clone: 189A5</molecular_info>
    <reference>FBrf0125057 == rd3717.hf == Deak, 1999.12.22, personal communication to FlyBase</reference>
    <cyto_location>
      <cloc>87C1--3 (determined by in situ hybridisation)</cloc>
      <cyto_comment>Location inferred from insertion in: &amp;agr;&amp;ggr;-element&lt;up&gt;S051601&lt;/up&gt;</cyto_comment>
    </cyto_location>
    <molecular_info>Maps to clone: BACR02G11</molecular_info>
    <reference>FBrf0151851 == cy1789 == Maside et al., 2002, Curr. Biol. 12(19): 1686--1691</reference>
    <record_synonym>
      <synonym>alpha repeat element</synonym>
      <synonym_sgml>&amp;agr; repeat element</synonym_sgml>
    </record_synonym>
    <allele>
      <allele_symbol>alphagamma-element[S051601]</allele_symbol>
      <allele_symbol_sgml>&amp;agr;&amp;ggr;-element&lt;up&gt;S051601&lt;/up&gt;</allele_symbol_sgml>
      <FBid>FBal0103106</FBid>
      <greference>FBrf0099762 == gm7553.h == Deak et al., 1997, Genetics 147(4): 1697--1722</greference>
      <greference>FBrf0125057 == rd3717.hf == Deak, 1999.12.22, personal communication to FlyBase</greference>
      <reference>FBrf0099762 == gm7553.h == Deak et al., 1997, Genetics 147(4): 1697--1722</reference>
      <record_synonym>
        <synonym>0516/01</synonym>
        <synonym_sgml>0516/01</synonym_sgml>
      </record_synonym>
      <internal_note>Correspondence with P. Deak establishes that a lethal phase of "A"
in Appendix A means that the stock can't be maintained without a balancer
which he says means semi-lethal. gm020211.
No non-complementing deficiency so entirely possible that the insertion
is separable from the lethality. gm020211.</internal_note>
      <origin>
        <origin_entry>&amp;Dgr;2-3</origin_entry>
      </origin>
      <insertion>
        <insertion_entry>FBti0015566 == P{lacW}alphagamma-element[S051601]</insertion_entry>
        <insertion_acc>FBti0015566</insertion_acc>
        <insertion_entry_sgml>FBti0015566 == P{lacW}&amp;agr;&amp;ggr;-element&lt;up&gt;S051601&lt;/up&gt;</insertion_entry_sgml>
      </insertion>
      <phenotype>
        <phenotypic_class>
          <pclass>semi-lethal</pclass>
          <pclass>recessive</pclass>
        </phenotypic_class>
      </phenotype>
      <reference>FBrf0125057 == rd3717.hf == Deak, 1999.12.22, personal communication to FlyBase</reference>
      <insertion>
        <insertion_entry>FBti0015566 == P{lacW}alphagamma-element[S051601]</insertion_entry>
        <insertion_acc>FBti0015566</insertion_acc>
        <insertion_entry_sgml>FBti0015566 == P{lacW}&amp;agr;&amp;ggr;-element&lt;up&gt;S051601&lt;/up&gt;</insertion_entry_sgml>
      </insertion>
      <phenotype>
        <phenotypic_class>
          <pclass>viable</pclass>
        </phenotypic_class>
      </phenotype>
      <misc_comment>Allelism based on BLAST sequence hits to flanking sequence from other
insertions identifying this complementation group.</misc_comment>
    </allele>
  </gene>
  <gene>
    <gene_symbol>alphagamma-element:CR32865</gene_symbol>
    <gene_symbol_sgml>&amp;agr;&amp;ggr;-element:CR32865</gene_symbol_sgml>
    <FBid>FBgn0052865</FBid>
    <record_type>nuclear_untranslated_RNA_gene</record_type>
    <record_synonym>
      <synonym>CR32865</synonym>
      <synonym_sgml>CR32865</synonym_sgml>
    </record_synonym>
    <internal_note>"misc. non-coding RNA"</internal_note>
    <gene_aneuploid>Deficiency: Df(3R)kar-Sz12 (inferred from cytology)</gene_aneuploid>
    <gene_aneuploid>Duplication: Dp(3;3)D1a (inferred from cytology)</gene_aneuploid>
    <NA_accession>AE003696</NA_accession>
    <generel>
      <gene_relationship>member gene of: @&amp;agr;&amp;ggr;-element@</gene_relationship>
    </generel>
    <greference>FBrf0148886 == FlyBase Genome Annotators, 2002-2003, computer file</greference>
    <greference>FBrf0166452 == Giot, 2003, Science 302(5651): http://www.sciencemag.org/cgi/content/full/1090289/DC1/2</greference>
    <reference>FBrf0166452 == Giot, 2003, Science 302(5651): http://www.sciencemag.org/cgi/content/full/1090289/DC1/2</reference>
    <record_synonym>
      <synonym>CR32865</synonym>
      <synonym_sgml>CR32865</synonym_sgml>
    </record_synonym>
    <internal_note>Analysis: physical</internal_note>
    <reference>FBrf0148886 == FlyBase Genome Annotators, 2002-2003, computer file</reference>
    <misc_comment>New annotation (CR32865) in release 3 of the genome annotation.</misc_comment>
  </gene>
  <gene>
    <gene_symbol>alpha-Adaptin</gene_symbol>
    <gene_symbol_sgml>&amp;agr;-Adaptin</gene_symbol_sgml>
    <FBid>FBgn0015567</FBid>
    <obsolete_FBid>FBgn0010623</obsolete_FBid>
    <record_synonym>
      <synonym>CG4260</synonym>
      <synonym_sgml>CG4260</synonym_sgml>
    </record_synonym>
    <record_synonym>
      <synonym>CG31654</synonym>
      <synonym_sgml>CG31654</synonym_sgml>
    </record_synonym>
    <record_synonym>
      <synonym>l(2)06694</synonym>
      <synonym_sgml>l(2)06694</synonym_sgml>
    </record_synonym>
    <cyto_location>
      <cloc>21C6</cloc>
    </cyto_location>
    <cyto_location>
      <cloc>Limits computationally determined from genome sequence between @P{EP}Hop&lt;up&gt;EP418&lt;/up&gt;@/@P{lacW}ebi&lt;up&gt;k16213&lt;/up&gt;@ and @P{EP}EP540@/@P{lacW}S&lt;up&gt;k09538a&lt;/up&gt;@</cloc>
    </cyto_location>
    <gene_aneuploid>Deficiency: Df(2L)al</gene_aneuploid>
    <gene_aneuploid>Duplication: Dp(2;2)M24F&lt;up&gt;+&lt;/up&gt;14 (inferred from cytology)</gene_aneuploid>
    <NA_accession>AA816246; BDGP:LD01019</NA_accession>
    <NA_accession>AC004275; BDGP:DS05054</NA_accession>
    <NA_accession>AC005762; BDGP:DS05054</NA_accession>
    <NA_accession>AE003589; AAF56103</NA_accession>
    <NA_accession>AQ024987; BDGP:EP(2)0896</NA_accession>
    <NA_accession>AQ073654; BDGP:EP(2)2519</NA_accession>
    <NA_accession>BI588778; BDGP-DGC:RH30202</NA_accession>
    <NA_accession>BT003458; AAO39461; BDGP-DGC:RH30202</NA_accession>
    <NA_accession>G00611; BDGP:Dm0349; BDGP:l(2)06694</NA_accession>
    <NA_accession>Y11104; CAA71991</NA_accession>
    <NA_accession>Y13092; CAA73533</NA_accession>
    <AA_accession>SWP:P91926</AA_accession>
    <protein_domain>IPR003164 == Alpha adaptin carboxyl-terminal domain</protein_domain>
    <review_reference>FBrf0148996</review_reference>
    <review_reference>FBrf0151892</review_reference>
    <review_reference>FBrf0141528</review_reference>
    <greference>FBrf0067338 == ag9610 == BDGP Project Members, 1994-1999, computer file</greference>
    <greference>FBrf0125078 == BDGP Project Members, 2000-, computer file</greference>
    <greference>FBrf0133285 == rd4015 == Bellen, 2000.12.25, personal communication to FlyBase</greference>
    <greference>FBrf0145923 == Berdnik et al., 2002, A. Dros. Res. Conf. 43: 715A</greference>
    <greference>FBrf0139751 == gm10077.hf == Boehm and Bonifacino, 2001, Molec. Biol. Cell 12(10): 2907--2920</greference>
    <greference>FBrf0148996 == gm10414 == Boehm and Bonifacino, 2002, Gene 286(2): 175--186</greference>
    <greference>FBrf0141798 == gm10078.hf == Boehm, 2001, Molec. Biol. Cell 12(10): http://www.molbiolcell.org/content/vol12/issue10/images/data/2907/DC1/supplemental_Table5.doc</greference>
    <greference>FBrf0127031 == gm7664.hf == Cadavid et al., 2000, Development 127(8): 1727--1736</greference>
    <greference>FBrf0128786 == gm9087 == Carthew and Xu, 2000, Curr. Biol. 10(14): R532--R534</greference>
    <greference>FBrf0152260 == rf204 == Cayouette and Raff, 2002, Nature Neurosci. 5(12): 1265--1269</greference>
    <greference>FBrf0144879 == gm10385.h == Chen et al., 2002, Genes Dev. 16(3): 289--294</greference>
    <greference>FBrf0144838 == cy1623.h == Dollar et al., 2002, Development 129(2): 517--526</greference>
    <greference>FBrf0084971 == Dornan et al., 1996, A. Dros. Res. Conf. 37: 88</greference>
    <greference>FBrf0098232 == gm2954.h == Dornan et al., 1997, Molec. Biol. Cell 8(8): 1391--1403</greference>
    <greference>FBrf0126705 == FamiliarityBreedsContempt, 1999.11, automatic genome annotation</greference>
    <greference>FBrf0134719 == gm9214.h == Fergestad and Broadie, 2001, J. Neurosci. 21(4): 1218--1227</greference>
    <greference>FBrf0105495 == FlyBase, 1992-, computer file</greference>
    <greference>FBrf0094735 == ew5895.hf == Forjanic et al., 1997, Dev. Biol. 186(2): 139--154</greference>
    <greference>FBrf0093012 == ew5813 == Gay, 1997, Rep. Res., r. Soc. 1996: 148</greference>
    <greference>FBrf0132177 == Gene Disruption Project members, 2001-, computer file</greference>
    <greference>FBrf0093110 == ew5036.hf == Gonzalez-Gaitan and Jackle, 1997, Cell 88(6): 767--776</greference>
    <greference>FBrf0111373 == rd3662.hf == Gonzalez-Gaitan and Jackle, 1999, Mech. Dev. 87(1-2): 143--151</greference>
    <greference>FBrf0091598 == Gonzalez-Gaitan and Jaeckle, 1997, A. Dros. Res. Conf. 38: 3A</greference>
    <greference>FBrf0173188 == gm12746 == Gonzalez-Gaitan, 2003, Cell 115(5): 513--521</greference>
    <greference>FBrf0173201 == gm12768 == Gonzalez-Gaitan, 2003, Mech. Dev. 120(11): 1265--1282</greference>
    <greference>FBrf0126671 == Guan, 1999.11, curated genome annotation</greference>
    <greference>FBrf0104862 == gm5253 == Hirst and Robinson, 1998, Biochim. biophys. Acta 1404(1-2): 173--193</greference>
    <greference>FBrf0158820 == cy1962 == Justice et al., 2003, Curr. Biol. 13(9): 778--783</greference>
    <greference>FBrf0135708 == cy1114.h == Kraut et al., 2001, Curr. Biol. 11(6): 417--430</greference>
    <greference>FBrf0135968 == cy1115.h == Kraut et al., 2001, Curr. Biol. 11(6): http://images.cellpress.com/supmat/cub/11fKraut417.pdf</greference>
    <greference>FBrf0102198 == gm4260 == Lewin and Mellman, 1998, Biochim. biophys. Acta 1401(2): 129--145</greference>
    <greference>FBrf0134720 == gm9215.h == Littleton et al., 2001, J. Neurosci. 21(5): 1421--1433</greference>
    <greference>FBrf0127207 == rd3900.h == Lloyd et al., 2000, Neuron 26(1): 45--50</greference>
    <greference>FBrf0083714 == Meister and Braun, 1995.10, personal communication to FlyBase</greference>
    <greference>FBrf0141528 == rf125 == Narayanan and Ramaswami, 2001, Exp. Cell Res. 271(1): 28--35</greference>
    <greference>FBrf0095986 == ew6306.h == Ooi et al., 1997, EMBO J. 16(15): 4508--4518</greference>
    <greference>FBrf0155511 == rf35 == Parkhurst and Delidakis, 2003, BioEssays 25(1): 87--89</greference>
    <greference>FBrf0105910 == gm5745.h == Prokop et al., 1998, J. Cell Biol. 143(5): 1283--1294</greference>
    <greference>FBrf0110590 == gm6730 == Prokop, 1999, Cell Tissue Res. 297(2): 169--186</greference>
    <greference>FBrf0135848 == gm10251.h == Richard et al., 2001, J. Insect Physiol. 47(7): 715--723</greference>
    <greference>FBrf0145086 == gm11444 == Rogat and Miller, 2001, Molec. Biol. Cell 12(Suppl.): 426a</greference>
    <greference>FBrf0152124 == gm12718 == Rogat and Miller, 2002, J. Cell Sci. 115(24): 4855--4865</greference>
    <greference>FBrf0101995 == gm4291.h == Rorth et al., 1998, Development 125(6): 1049--1057</greference>
    <greference>FBrf0158840 == rf164 == Skeath and Thor, 2003, Curr. Opin. Neurobiol. 13(1): 8--15</greference>
    <greference>FBrf0111489 == gm6899.hf == Spradling et al., 1999, Genetics 153(1): 135--177</greference>
    <greference>FBrf0108281 == Stimson and Ramaswami, 1999, Int. Rev. Neurobiol. 43: 163--189</greference>
    <greference>FBrf0135859 == gm9219.h == Stimson et al., 2001, J. Neurosci. 21(9): 3034--3044</greference>
    <greference>TPrf0761B == Shimakawa, 2004, A. Dros. Res. Conf. 45: 761B</greference>
    <greference>FBrf0131218 == rd3963.h == Verstreken and Bellen, 2000.9.4, personal communication to FlyBase</greference>
    <greference>FBrf0100302 == ew8827 == Wu and Bellen, 1997, Curr. Opin. Neurobiol. 7(5): 624--630</greference>
    <greference>FBrf0111181 == gm6734.hf == Zhang and Broadie, 1999, Gene 233(1-2): 171--179</greference>
    <greference>FBrf0092201 == Zhang and Ganetzky, 1997, A. Dros. Res. Conf. 38: 209A</greference>
    <greference>FBrf0151892 == ds219 == Jafar-Nejad et al., 2002, Dev. Cell 3(2): 155--156</greference>
    <greference>FBrf0151895 == ds222.hf == Berdnik et al., 2002, Dev. Cell 3(2): 221--231</greference>
    <greference>FBrf0151440 == ds251.hf == Geisbrecht and Montell, 2002, Nature Cell Biol. 4(8): 616--620</greference>
    <reference>FBrf0067338 == ag9610 == BDGP Project Members, 1994-1999, computer file</reference>
    <cyto_location>
      <cloc>21C1--2</cloc>
      <cyto_comment>Location inferred from insertion in: &amp;agr;-Adaptin&lt;up&gt;06694&lt;/up&gt;</cyto_comment>
    </cyto_location>
    <molecular_info>Identified with: Dm0349</molecular_info>
    <reference>FBrf0084971 == Dornan et al., 1996, A. Dros. Res. Conf. 37: 88</reference>
    <full_name>alpha-Adaptin</full_name>
    <full_name_sgml>&amp;agr;-Adaptin</full_name_sgml>
    <reference>FBrf0092201 == Zhang and Ganetzky, 1997, A. Dros. Res. Conf. 38: 209A</reference>
    <record_synonym>
      <synonym>dAP-2a</synonym>
      <synonym_sgml>dAP-2a</synonym_sgml>
    </record_synonym>
    <internal_note>Correspondence with Bing Zhang confirms AP-2 is the same gene as
&amp;agr;-Adaptin.</internal_note>
    <reference>FBrf0093110 == ew5036.hf == Gonzalez-Gaitan and Jackle, 1997, Cell 88(6): 767--776</reference>
    <record_synonym>
      <synonym>alpha-adaptin</synonym>
      <synonym_sgml>&amp;agr;-adaptin</synonym_sgml>
    </record_synonym>
    <record_synonym>
      <synonym>D-alphaAda</synonym>
      <synonym_sgml>D-&amp;agr;Ada</synonym_sgml>
    </record_synonym>
    <internal_note>I did not change the gene symbol to &amp;agr;Ada as the group that first
isolated the gene (S. Dornan and N. Gay, FBrf0084971) have used the
symbol DAA in their paper that is under review. So symbol will become
AA, (Aa is preoccupied).</internal_note>
    <cyto_location>
      <cloc>21C1--2 (determined by in situ hybridisation)</cloc>
      <cyto_comment>Location inferred from insertion in: &amp;agr;-Adaptin&lt;up&gt;06694&lt;/up&gt;</cyto_comment>
    </cyto_location>
    <phenotype>
      <phenotype_desc>In presynaptic terminals @&amp;agr;-Adaptin@ defines a network-like membrane
structure to which the GTPase dynamin is recruited. @&amp;agr;-Adaptin@
is necessary for the formation of clathrin coated pits and participates
in the dynamin-dependent release of coated vesicles from the membrane
surface. Results suggest an @&amp;agr;-Adaptin@-dependent control of the
vesicle cycle that maintains the balance between the amount of vesicle-
and surface-associated membranes.
</phenotype_desc>
    </phenotype>
    <reference>FBrf0094735 == ew5895.hf == Forjanic et al., 1997, Dev. Biol. 186(2): 139--154</reference>
    <record_synonym>
      <synonym>alpha-adaptin</synonym>
      <synonym_sgml>&amp;agr;-adaptin</synonym_sgml>
    </record_synonym>
    <cyto_location>
      <cloc>21C1--2 (determined by in situ hybridisation)</cloc>
    </cyto_location>
    <reference>FBrf0098232 == gm2954.h == Dornan et al., 1997, Molec. Biol. Cell 8(8): 1391--1403</reference>
    <record_synonym>
      <synonym>alpha-adaptin</synonym>
      <synonym_sgml>&amp;agr;-adaptin</synonym_sgml>
    </record_synonym>
    <cyto_location>
      <cloc>21C2--3 (determined by in situ hybridisation)</cloc>
    </cyto_location>
    <misc_comment>An @&amp;agr;-Adaptin@ cDNA has been cloned and
sequenced, and its expression pattern has been analysed.</misc_comment>
    <reference>FBrf0101995 == Rorth et al., 1998, Development 125(6): 1049--1057</reference>
    <phenotype>
      <genetic_interaction>
        <with>slbo</with>
        <data_from>alpha-Adaptin[EP2519]</data_from>
      </genetic_interaction>
    </phenotype>
    <reference>FBrf0105495 == FlyBase, 1992-, computer file</reference>
    <molecular_info>Maps to clone: DS05054</molecular_info>
    <reference>FBrf0111373 == rd3662.hf == Gonzalez-Gaitan and Jackle, 1999, Mech. Dev. 87(1-2): 143--151</reference>
    <record_synonym>
      <synonym>D-Ada</synonym>
      <synonym_sgml>D-Ada</synonym_sgml>
    </record_synonym>
    <phenotype>
      <genetic_interaction>
        <with>Chc</with>
        <data_from>alpha-Adaptin[3]</data_from>
      </genetic_interaction>
      <phenotype_desc>Homozygous clones induced during early larval development do not survive.
Clones induced late in larval development do survive but at a growth
disadvantage compared to wild type twin spots.
</phenotype_desc>
    </phenotype>
    <reference>FBrf0111489 == gm6899.hf == Spradling et al., 1999, Genetics 153(1): 135--177</reference>
    <cyto_location>
      <cloc>21C1--2 (determined by in situ hybridisation)</cloc>
      <cyto_comment>Location inferred from insertion in: &amp;agr;-Adaptin&lt;up&gt;06694&lt;/up&gt;</cyto_comment>
    </cyto_location>
    <molecular_info>Identified with: Dm0349</molecular_info>
    <molecular_info>Identified with: LD01019</molecular_info>
    <reference>FBrf0114631 == Dornan, 1997.5.9, GenBank/EMBL/DDBJ: Y13092</reference>
    <record_synonym>
      <synonym>alpha-adaptin</synonym>
      <synonym_sgml>alpha-adaptin</synonym_sgml>
    </record_synonym>
    <cyto_location>
      <cloc>21C2--3</cloc>
    </cyto_location>
    <reference>FBrf0115359 == Gonzalez Gaitan, 1997.2.5, GenBank/EMBL/DDBJ: Y11104</reference>
    <record_synonym>
      <synonym>alpha-adaptin</synonym>
      <synonym_sgml>alpha-adaptin</synonym_sgml>
    </record_synonym>
    <cyto_location>
      <cloc>21C1--2</cloc>
    </cyto_location>
    <reference>FBrf0125078 == BDGP Project Members, 2000-, computer file</reference>
    <molecular_info>Identified with: RH30202 (BDGP-DGC)</molecular_info>
    <reference>FBrf0126671 == Guan, 1999.11, curated genome annotation</reference>
    <generel>
      <gene_relationship>Source for identity of: &amp;agr;-Adaptin CG4260</gene_relationship>
    </generel>
    <reference>FBrf0127031 == gm7664.hf == Cadavid et al., 2000, Development 127(8): 1727--1736</reference>
    <record_synonym>
      <synonym>alpha-Ada</synonym>
      <synonym_sgml>&amp;agr;-Ada</synonym_sgml>
    </record_synonym>
    <phenotype>
      <genetic_interaction>
        <with>lqf</with>
        <data_from>alpha-Adaptin[3]</data_from>
      </genetic_interaction>
    </phenotype>
    <reference>FBrf0127207 == rd3900.h == Lloyd et al., 2000, Neuron 26(1): 45--50</reference>
    <record_synonym>
      <synonym>alpha adaptin</synonym>
      <synonym_sgml>&amp;agr; adaptin</synonym_sgml>
    </record_synonym>
    <cyto_location>
      <cloc>21C</cloc>
      <cyto_comment>Determined by comparing Celera genomic sequence with sequence from
BDGP BAC and P1 clones.</cyto_comment>
    </cyto_location>
    <reference>FBrf0131218 == rd3963.h == Verstreken and Bellen, 2000.9.4, personal communication to FlyBase</reference>
    <record_synonym>
      <synonym>CG4260</synonym>
      <synonym_sgml>CG4260</synonym_sgml>
      <reference>FBrf0133285 == rd4015 == Bellen, 2000.12.25, personal communication to FlyBase</reference>
    </record_synonym>
    <record_synonym>
      <synonym>alpha adaptin</synonym>
      <synonym_sgml>alpha adaptin</synonym_sgml>
      <reference>FBrf0134720 == gm9215.h == Littleton et al., 2001, J. Neurosci. 21(5): 1421--1433</reference>
    </record_synonym>
    <record_synonym>
      <synonym>AP-2</synonym>
      <synonym_sgml>AP-2</synonym_sgml>
      <reference>FBrf0135708 == cy1114.h == Kraut et al., 2001, Curr. Biol. 11(6): 417--430</reference>
    </record_synonym>
    <record_synonym>
      <synonym>alpha-adaptin</synonym>
      <synonym_sgml>&amp;agr;-adaptin</synonym_sgml>
    </record_synonym>
    <record_synonym>
      <synonym>CG4260</synonym>
      <synonym_sgml>CG4260</synonym_sgml>
      <reference>FBrf0135859 == gm9219.h == Stimson et al., 2001, J. Neurosci. 21(9): 3034--3044</reference>
    </record_synonym>
    <record_synonym>
      <synonym>alpha-adaptin</synonym>
      <synonym_sgml>&amp;agr;-adaptin</synonym_sgml>
      <reference>FBrf0135968 == cy1115.h == Kraut et al., 2001, Curr. Biol. 11(6): http://images.cellpress.com/supmat/cub/11fKraut417.pdf</reference>
    </record_synonym>
    <record_synonym>
      <synonym>alpha-adaptin</synonym>
      <synonym_sgml>&amp;agr;-adaptin</synonym_sgml>
    </record_synonym>
    <record_synonym>
      <synonym>CG4260</synonym>
      <synonym_sgml>CG4260</synonym_sgml>
      <reference>FBrf0139751 == gm10077.hf == Boehm and Bonifacino, 2001, Molec. Biol. Cell 12(10): 2907--2920</reference>
    </record_synonym>
    <record_synonym>
      <synonym>alpha</synonym>
      <synonym_sgml>&amp;agr;</synonym_sgml>
      <reference>FBrf0141528 == rf125 == Narayanan and Ramaswami, 2001, Exp. Cell Res. 271(1): 28--35</reference>
    </record_synonym>
    <record_synonym>
      <synonym>alpha-adaptin</synonym>
      <synonym_sgml>&amp;agr;-adaptin</synonym_sgml>
      <reference>FBrf0141798 == gm10078.hf == Boehm, 2001, Molec. Biol. Cell 12(10): http://www.molbiolcell.org/content/vol12/issue10/images/data/2907/DC1/supplemental_Table5.doc</reference>
    </record_synonym>
    <record_synonym>
      <synonym>CG4260</synonym>
      <synonym_sgml>CG4260</synonym_sgml>
      <reference>FBrf0144838 == cy1623.h == Dollar et al., 2002, Development 129(2): 517--526</reference>
    </record_synonym>
    <record_synonym>
      <synonym>alpha-adaptin</synonym>
      <synonym_sgml>&amp;agr;-adaptin</synonym_sgml>
      <reference>FBrf0144879 == gm10385.h == Chen et al., 2002, Genes Dev. 16(3): 289--294</reference>
    </record_synonym>
    <record_synonym>
      <synonym>alpha-Ada</synonym>
      <synonym_sgml>&amp;agr;-Ada</synonym_sgml>
      <reference>FBrf0148996 == gm10414 == Boehm and Bonifacino, 2002, Gene 286(2): 175--186</reference>
    </record_synonym>
    <record_synonym>
      <synonym>D-alphaAda</synonym>
      <synonym_sgml>D-&amp;agr;Ada</synonym_sgml>
    </record_synonym>
    <record_synonym>
      <synonym>cg4260</synonym>
      <synonym_sgml>cg4260</synonym_sgml>
      <reference>FBrf0155511 == rf35 == Parkhurst and Delidakis, 2003, BioEssays 25(1): 87--89</reference>
    </record_synonym>
    <record_synonym>
      <synonym>alpha-adaptin</synonym>
      <synonym_sgml>&amp;agr;-adaptin</synonym_sgml>
      <reference>FBrf0151895 == ds222.hf == Berdnik et al., 2002, Dev. Cell 3(2): 221--231</reference>
    </record_synonym>
    <record_synonym>
      <synonym>ada</synonym>
      <synonym_sgml>ada</synonym_sgml>
      <reference>FBrf0152260 == rf204 == Cayouette and Raff, 2002, Nature Neurosci. 5(12): 1265--1269</reference>
    </record_synonym>
    <record_synonym>
      <synonym>alpha-Adaptin</synonym>
      <synonym_sgml>alpha-Adaptin</synonym_sgml>
      <reference>FBrf0158840 == rf164 == Skeath and Thor, 2003, Curr. Opin. Neurobiol. 13(1): 8--15</reference>
    </record_synonym>
    <record_synonym>
      <synonym>alpha-adaptin</synonym>
      <synonym_sgml>&amp;agr;-adaptin</synonym_sgml>
      <reference>FBrf0151440 == ds251.hf == Geisbrecht and Montell, 2002, Nature Cell Biol. 4(8): 616--620</reference>
    </record_synonym>
    <record_synonym>
      <synonym>alpha-adaptin</synonym>
      <synonym_sgml>&amp;agr;-adaptin</synonym_sgml>
      <reference>FBrf0152124 == gm12718 == Rogat and Miller, 2002, J. Cell Sci. 115(24): 4855--4865</reference>
    </record_synonym>
    <record_synonym>
      <synonym>alpha-adaptin</synonym>
      <synonym_sgml>&amp;agr;-adaptin</synonym_sgml>
    </record_synonym>
    <internal_note>Analysis: WT-exp</internal_note>
    <reference>FBrf0173188 == gm12746 == Gonzalez-Gaitan, 2003, Cell 115(5): 513--521</reference>
    <record_synonym>
      <synonym>AP2</synonym>
      <synonym_sgml>AP2</synonym_sgml>
    </record_synonym>
    <allele>
      <allele_symbol>alpha-Adaptin[06694]</allele_symbol>
      <allele_symbol_sgml>&amp;agr;-Adaptin&lt;up&gt;06694&lt;/up&gt;</allele_symbol_sgml>
      <FBid>FBal0008113</FBid>
      <record_synonym>
        <synonym>l(2)06694[06694]</synonym>
        <synonym_sgml>l(2)06694&lt;up&gt;06694&lt;/up&gt;</synonym_sgml>
      </record_synonym>
      <origin>
        <origin_entry>P-element activity</origin_entry>
      </origin>
      <insertion>
        <insertion_entry>FBti0004442 == FBti0000399 == P{PZ}alpha-Adaptin[06694]; BDGP:l(2)06694</insertion_entry>
        <insertion_acc>FBti0004442</insertion_acc>
        <insertion_acc>FBti0000399</insertion_acc>
        <insertion_symbol>P{PZ}alpha-Adaptin[06694]</insertion_symbol>
        <insertion_symbol_sgml>P{PZ}&amp;agr;-Adaptin&lt;up&gt;06694&lt;/up&gt;</insertion_symbol_sgml>
        <bdgp_symbol>l(2)06694</bdgp_symbol>
        <insertion_entry_sgml>FBti0004442 == FBti0000399 == P{PZ}&amp;agr;-Adaptin&lt;up&gt;06694&lt;/up&gt;; BDGP:l(2)06694</insertion_entry_sgml>
      </insertion>
      <discoverer>A. Spradling.</discoverer>
      <greference>FBrf0067338 == ag9610 == BDGP Project Members, 1994-1999, computer file</greference>
      <greference>FBrf0148996 == gm10414 == Boehm and Bonifacino, 2002, Gene 286(2): 175--186</greference>
      <greference>FBrf0094735 == ew5895.hf == Forjanic et al., 1997, Dev. Biol. 186(2): 139--154</greference>
      <greference>FBrf0093110 == ew5036.hf == Gonzalez-Gaitan and Jackle, 1997, Cell 88(6): 767--776</greference>
      <greference>FBrf0135968 == cy1115.h == Kraut et al., 2001, Curr. Biol. 11(6): http://images.cellpress.com/supmat/cub/11fKraut417.pdf</greference>
      <greference>FBrf0083714 == Meister and Braun, 1995.10, personal communication to FlyBase</greference>
      <greference>FBrf0111489 == gm6899.hf == Spradling et al., 1999, Genetics 153(1): 135--177</greference>
      <greference>TPrf0761B == Shimakawa, 2004, A. Dros. Res. Conf. 45: 761B</greference>
      <greference>FBrf0151895 == ds222.hf == Berdnik et al., 2002, Dev. Cell 3(2): 221--231</greference>
      <reference>FBrf0067338 == ag9610 == BDGP Project Members, 1994-1999, computer file</reference>
      <insertion>
        <insertion_entry>FBti0004442 == FBti0000399 == P{PZ}alpha-Adaptin[06694]; BDGP:l(2)06694</insertion_entry>
        <insertion_acc>FBti0004442</insertion_acc>
        <insertion_acc>FBti0000399</insertion_acc>
        <insertion_symbol>P{PZ}alpha-Adaptin[06694]</insertion_symbol>
        <insertion_symbol_sgml>P{PZ}&amp;agr;-Adaptin&lt;up&gt;06694&lt;/up&gt;</insertion_symbol_sgml>
        <bdgp_symbol>l(2)06694</bdgp_symbol>
        <insertion_entry_sgml>FBti0004442 == FBti0000399 == P{PZ}&amp;agr;-Adaptin&lt;up&gt;06694&lt;/up&gt;; BDGP:l(2)06694</insertion_entry_sgml>
      </insertion>
      <complementation>
        <type>complements</type>
        <complements>ex[01270]</complements>
        <background></background>
        <complements_gene>ex</complements_gene>
        <complements_allele_no>01270</complements_allele_no>
        <same_gene>0</same_gene>
      </complementation>
      <complementation>
        <type>complements</type>
        <complements>ex[02278]</complements>
        <background></background>
        <complements_gene>ex</complements_gene>
        <complements_allele_no>02278</complements_allele_no>
        <same_gene>0</same_gene>
      </complementation>
      <complementation>
        <type>complements</type>
        <complements>lwr[02858]</complements>
        <background></background>
        <complements_gene>lwr</complements_gene>
        <complements_allele_no>02858</complements_allele_no>
        <same_gene>0</same_gene>
      </complementation>
      <complementation>
        <type>complements</type>
        <complements>dock[04723]</complements>
        <background></background>
        <complements_gene>dock</complements_gene>
        <complements_allele_no>04723</complements_allele_no>
        <same_gene>0</same_gene>
      </complementation>
      <complementation>
        <type>complements</type>
        <complements>ds[05142]</complements>
        <background></background>
        <complements_gene>ds</complements_gene>
        <complements_allele_no>05142</complements_allele_no>
        <same_gene>0</same_gene>
      </complementation>
      <complementation>
        <type>complements</type>
        <complements>Gsc[05341]</complements>
        <background></background>
        <complements_gene>Gsc</complements_gene>
        <complements_allele_no>05341</complements_allele_no>
        <same_gene>0</same_gene>
      </complementation>
      <complementation>
        <type>complements</type>
        <complements>lwr[05486]</complements>
        <background></background>
        <complements_gene>lwr</complements_gene>
        <complements_allele_no>05486</complements_allele_no>
        <same_gene>0</same_gene>
      </complementation>
      <complementation>
        <type>complements</type>
        <complements>S[07056]</complements>
        <background></background>
        <complements_gene>S</complements_gene>
        <complements_allele_no>07056</complements_allele_no>
        <same_gene>0</same_gene>
      </complementation>
      <complementation>
        <type>complements</type>
        <complements>kis[07812]</complements>
        <background></background>
        <complements_gene>kis</complements_gene>
        <complements_allele_no>07812</complements_allele_no>
        <same_gene>0</same_gene>
      </complementation>
      <complementation>
        <type>complements</type>
        <complements>Hop[k00616]</complements>
        <background></background>
        <complements_gene>Hop</complements_gene>
        <complements_allele_no>k00616</complements_allele_no>
        <same_gene>0</same_gene>
      </complementation>
      <complementation>
        <type>complements</type>
        <complements>l(2)k11324[k11324]</complements>
        <background></background>
        <complements_gene>l(2)k11324[k11324]</complements_gene>
        <complements_allele_no></complements_allele_no>
        <same_gene>0</same_gene>
      </complementation>
      <complementation>
        <type>complements</type>
        <complements>ebi[k16213]</complements>
        <background></background>
        <complements_gene>ebi</complements_gene>
        <complements_allele_no>k16213</complements_allele_no>
        <same_gene>0</same_gene>
      </complementation>
      <complementation>
        <type>complements</type>
        <complements>RpI135[k16513]</complements>
        <background></background>
        <complements_gene>RpI135</complements_gene>
        <complements_allele_no>k16513</complements_allele_no>
        <same_gene>0</same_gene>
      </complementation>
      <misc_comment>Complements: @ex&lt;up&gt;01270&lt;/up&gt;@.
Complements: @ex&lt;up&gt;02278&lt;/up&gt;@.
Complements: @lwr&lt;up&gt;02858&lt;/up&gt;@.
Complements: @dock&lt;up&gt;04723&lt;/up&gt;@.
Complements: @ds&lt;up&gt;05142&lt;/up&gt;@.
Complements: @Gsc&lt;up&gt;05341&lt;/up&gt;@.
Complements: @lwr&lt;up&gt;05486&lt;/up&gt;@.
Complements: @S&lt;up&gt;07056&lt;/up&gt;@.
Complements: @kis&lt;up&gt;07812&lt;/up&gt;@.
Complements: @Hop&lt;up&gt;k00616&lt;/up&gt;@.
Complements: @l(2)k11324&lt;up&gt;k11324&lt;/up&gt;@.
Complements: @ebi&lt;up&gt;k16213&lt;/up&gt;@.
Complements: @RpI135&lt;up&gt;k16513&lt;/up&gt;@.</misc_comment>
      <reference>FBrf0093110 == ew5036.hf == Gonzalez-Gaitan and Jackle, 1997, Cell 88(6): 767--776</reference>
      <record_synonym>
        <synonym>D-alphaAda[1]</synonym>
        <synonym_sgml>D-&amp;agr;Ada&lt;up&gt;1&lt;/up&gt;</synonym_sgml>
      </record_synonym>
      <internal_note>fb-JOBS 70. kk011112.</internal_note>
      <origin>
        <origin_entry>P-element activity</origin_entry>
      </origin>
      <insertion>
        <insertion_entry>FBti0004442 == FBti0000399 == P{PZ}alpha-Adaptin[06694]; BDGP:l(2)06694</insertion_entry>
        <insertion_acc>FBti0004442</insertion_acc>
        <insertion_acc>FBti0000399</insertion_acc>
        <insertion_symbol>P{PZ}alpha-Adaptin[06694]</insertion_symbol>
        <insertion_symbol_sgml>P{PZ}&amp;agr;-Adaptin&lt;up&gt;06694&lt;/up&gt;</insertion_symbol_sgml>
        <bdgp_symbol>l(2)06694</bdgp_symbol>
        <insertion_entry_sgml>FBti0004442 == FBti0000399 == P{PZ}&amp;agr;-Adaptin&lt;up&gt;06694&lt;/up&gt;; BDGP:l(2)06694</insertion_entry_sgml>
      </insertion>
      <phenotype>
        <phenotypic_class>
          <pclass>lethal</pclass>
          <pclass>pupal</pclass>
          <pclass>recessive</pclass>
        </phenotypic_class>
        <phenotypic_class>
          <pclass>neurophysiology defective</pclass>
        </phenotypic_class>
        <phenotypic_class>
          <pclass>neuroanatomy defective</pclass>
        </phenotypic_class>
        <phenotype_manifest_in>synapse</phenotype_manifest_in>
        <allele_class>hypomorph</allele_class>
        <phenotype_desc>Slow moving larvae die as pupae. FM1-43 assay demonstrates the mutation
impairs the formation of endocytotic synaptic vesicles.
</phenotype_desc>
      </phenotype>
      <molecular_info>@P{PZ}@ insertion into the first exon.</molecular_info>
      <misc_comment>Excision of the @P-element@ results in normal adults indicating the
@P{PZ}@ insertion causes the lethal phenotype.</misc_comment>
      <reference>FBrf0094735 == ew5895.hf == Forjanic et al., 1997, Dev. Biol. 186(2): 139--154</reference>
      <record_synonym>
        <synonym>l(2)6694</synonym>
        <synonym_sgml>l(2)6694</synonym_sgml>
      </record_synonym>
      <insertion>
        <insertion_entry>FBti0004442 == FBti0000399 == P{PZ}alpha-Adaptin[06694]; BDGP:l(2)06694</insertion_entry>
        <insertion_acc>FBti0004442</insertion_acc>
        <insertion_acc>FBti0000399</insertion_acc>
        <insertion_symbol>P{PZ}alpha-Adaptin[06694]</insertion_symbol>
        <insertion_symbol_sgml>P{PZ}&amp;agr;-Adaptin&lt;up&gt;06694&lt;/up&gt;</insertion_symbol_sgml>
        <bdgp_symbol>l(2)06694</bdgp_symbol>
        <insertion_entry_sgml>FBti0004442 == FBti0000399 == P{PZ}&amp;agr;-Adaptin&lt;up&gt;06694&lt;/up&gt;; BDGP:l(2)06694</insertion_entry_sgml>
      </insertion>
      <phenotype>
        <phenotypic_class>
          <pclass>lethal</pclass>
          <pclass>pupal</pclass>
          <pclass>recessive</pclass>
        </phenotypic_class>
      </phenotype>
      <misc_comment>Excision of the @P{PZ}@ element results in viability demonstrating
the insertion to be responsible for lethality.</misc_comment>
      <reference>FBrf0111489 == gm6899.hf == Spradling et al., 1999, Genetics 153(1): 135--177</reference>
      <record_synonym>
        <synonym>l(2)06694</synonym>
        <synonym_sgml>l(2)06694</synonym_sgml>
      </record_synonym>
      <insertion>
        <insertion_entry>FBti0004442 == FBti0000399 == P{PZ}alpha-Adaptin[06694]; BDGP:l(2)06694</insertion_entry>
        <insertion_acc>FBti0004442</insertion_acc>
        <insertion_acc>FBti0000399</insertion_acc>
        <insertion_symbol>P{PZ}alpha-Adaptin[06694]</insertion_symbol>
        <insertion_symbol_sgml>P{PZ}&amp;agr;-Adaptin&lt;up&gt;06694&lt;/up&gt;</insertion_symbol_sgml>
        <bdgp_symbol>l(2)06694</bdgp_symbol>
        <insertion_entry_sgml>FBti0004442 == FBti0000399 == P{PZ}&amp;agr;-Adaptin&lt;up&gt;06694&lt;/up&gt;; BDGP:l(2)06694</insertion_entry_sgml>
      </insertion>
      <phenotype>
        <phenotypic_class>
          <pclass>lethal</pclass>
          <pclass>recessive</pclass>
        </phenotypic_class>
      </phenotype>
      <reference>FBrf0135968 == cy1115.h == Kraut et al., 2001, Curr. Biol. 11(6): http://images.cellpress.com/supmat/cub/11fKraut417.pdf</reference>
      <record_synonym>
        <synonym>alpha-Adaptin[6694]</synonym>
        <synonym_sgml>&amp;agr;-Adaptin&lt;up&gt;6694&lt;/up&gt;</synonym_sgml>
        <reference>FBrf0148996 == gm10414 == Boehm and Bonifacino, 2002, Gene 286(2): 175--186</reference>
      </record_synonym>
      <record_synonym>
        <synonym>D-alphaAda[1]</synonym>
        <synonym_sgml>D-&amp;agr;Ada&lt;up&gt;1&lt;/up&gt;</synonym_sgml>
        <reference>FBrf0151895 == ds222.hf == Berdnik et al., 2002, Dev. Cell 3(2): 221--231</reference>
      </record_synonym>
      <record_synonym>
        <synonym>ada[1]</synonym>
        <synonym_sgml>ada&lt;up&gt;1&lt;/up&gt;</synonym_sgml>
      </record_synonym>
      <complementation>
        <type>complements</type>
        <complements>alpha-Adaptin[ear4]</complements>
        <background></background>
        <complements_gene>alpha-Adaptin[ear4]</complements_gene>
        <complements_allele_no></complements_allele_no>
        <same_gene>0</same_gene>
      </complementation>
      <complementation>
        <type>complements</type>
        <complements>alpha-Adaptin[ear5]</complements>
        <background></background>
        <complements_gene>alpha-Adaptin[ear5]</complements_gene>
        <complements_allele_no></complements_allele_no>
        <same_gene>0</same_gene>
      </complementation>
      <complementation>
        <type>complements</type>
        <complements>alpha-Adaptin[ear26]</complements>
        <background></background>
        <complements_gene>alpha-Adaptin[ear26]</complements_gene>
        <complements_allele_no></complements_allele_no>
        <same_gene>0</same_gene>
      </complementation>
    </allele>
    <allele>
      <allele_symbol>alpha-Adaptin[2]</allele_symbol>
      <allele_symbol_sgml>&amp;agr;-Adaptin&lt;up&gt;2&lt;/up&gt;</allele_symbol_sgml>
      <FBid>FBal0060817</FBid>
      <greference>FBrf0148996 == gm10414 == Boehm and Bonifacino, 2002, Gene 286(2): 175--186</greference>
      <greference>FBrf0093110 == ew5036.hf == Gonzalez-Gaitan and Jackle, 1997, Cell 88(6): 767--776</greference>
      <reference>FBrf0093110 == ew5036.hf == Gonzalez-Gaitan and Jackle, 1997, Cell 88(6): 767--776</reference>
      <record_synonym>
        <synonym>D-alphaAda[2]</synonym>
        <synonym_sgml>D-&amp;agr;Ada&lt;up&gt;2&lt;/up&gt;</synonym_sgml>
      </record_synonym>
      <origin>
        <origin_entry>&amp;Dgr;2-3</origin_entry>
      </origin>
      <progenitor>&amp;agr;-Adaptin&lt;up&gt;06694&lt;/up&gt;</progenitor>
      <insertion>
        <insertion_entry>FBti0012524 == P{PZ-Delta.a2}alpha-Adaptin[2]</insertion_entry>
        <insertion_acc>FBti0012524</insertion_acc>
        <insertion_entry_sgml>FBti0012524 == P{PZ-&amp;Dgr;.a2}&amp;agr;-Adaptin&lt;up&gt;2&lt;/up&gt;</insertion_entry_sgml>
      </insertion>
      <phenotype>
        <phenotypic_class>
          <pclass>flightless</pclass>
        </phenotypic_class>
        <phenotypic_class>
          <pclass>locomotor behaviour defective</pclass>
        </phenotypic_class>
        <phenotype_desc>Homozygotes develop into normal-looking adults that are unable to fly
or walk.
</phenotype_desc>
      </phenotype>
      <molecular_info>Internal deletion of @P{PZ}@ sequences.</molecular_info>
      <reference>FBrf0148996 == gm10414 == Boehm and Bonifacino, 2002, Gene 286(2): 175--186</reference>
      <record_synonym>
        <synonym>D-alphaAda[2]</synonym>
        <synonym_sgml>D-&amp;agr;Ada&lt;up&gt;2&lt;/up&gt;</synonym_sgml>
      </record_synonym>
    </allele>
    <allele>
      <allele_symbol>alpha-Adaptin[3]</allele_symbol>
      <allele_symbol_sgml>&amp;agr;-Adaptin&lt;up&gt;3&lt;/up&gt;</allele_symbol_sgml>
      <FBid>FBal0060816</FBid>
      <greference>FBrf0148996 == gm10414 == Boehm and Bonifacino, 2002, Gene 286(2): 175--186</greference>
      <greference>FBrf0127031 == gm7664.hf == Cadavid et al., 2000, Development 127(8): 1727--1736</greference>
      <greference>FBrf0093110 == ew5036.hf == Gonzalez-Gaitan and Jackle, 1997, Cell 88(6): 767--776</greference>
      <greference>FBrf0111373 == rd3662.hf == Gonzalez-Gaitan and Jackle, 1999, Mech. Dev. 87(1-2): 143--151</greference>
      <greference>FBrf0151895 == ds222.hf == Berdnik et al., 2002, Dev. Cell 3(2): 221--231</greference>
      <reference>FBrf0093110 == ew5036.hf == Gonzalez-Gaitan and Jackle, 1997, Cell 88(6): 767--776</reference>
      <record_synonym>
        <synonym>D-alphaAda[3]</synonym>
        <synonym_sgml>D-&amp;agr;Ada&lt;up&gt;3&lt;/up&gt;</synonym_sgml>
      </record_synonym>
      <internal_note>fb-JOBS 60. kk011026.
fb-JOBS 70. kk011112.
fb-JOBS 25. ds030108.</internal_note>
      <origin>
        <origin_entry>&amp;Dgr;2-3</origin_entry>
      </origin>
      <progenitor>&amp;agr;-Adaptin&lt;up&gt;06694&lt;/up&gt;</progenitor>
      <phenotype>
        <phenotypic_class>
          <pclass>lethal</pclass>
          <pclass>larval</pclass>
          <pclass>recessive</pclass>
        </phenotypic_class>
        <phenotypic_class>
          <pclass>locomotor behaviour defective</pclass>
          <pclass>conditional ts</pclass>
        </phenotypic_class>
        <phenotypic_class>
          <pclass>uncoordinated</pclass>
          <pclass>conditional ts</pclass>
        </phenotypic_class>
        <phenotypic_class>
          <pclass>neurophysiology defective</pclass>
        </phenotypic_class>
        <phenotypic_class>
          <pclass>neuroanatomy defective</pclass>
        </phenotypic_class>
        <phenotype_manifest_in>synapse</phenotype_manifest_in>
        <allele_class>amorph</allele_class>
        <phenotype_desc>Muscle contractions are sporadic and larvae fail to hatch from the
egg shell. Architecture of the nervous system of the embryos is not
affected by lack of @&amp;agr;-Adaptin@. Ultrastructure of the presynaptic
terminal shows absence of synaptic boutons and deep folds in the presynaptic
membrane.
</phenotype_desc>
      </phenotype>
      <allele_interaction>@shi&lt;up&gt;2&lt;/up&gt;@; @&amp;agr;-Adaptin&lt;up&gt;3&lt;/up&gt;@/@&amp;agr;-Adaptin@&lt;up&gt;+&lt;/up&gt; males are indistinguishable
from wild type at 18&lt;up&gt;o&lt;/up&gt;C but at 25&lt;up&gt;o&lt;/up&gt;C males can neither fly or walk
and they show sporadic and uncoordinated movements.</allele_interaction>
      <molecular_info>3kb deletion encompassing the nontranscribed upstream sequences, the</molecular_info>
      <molecular_info>two first introns and the N-terminal region of the protein encoded</molecular_info>
      <molecular_info>by both transcripts.</molecular_info>
      <reference>FBrf0111373 == rd3662.hf == Gonzalez-Gaitan and Jackle, 1999, Mech. Dev. 87(1-2): 143--151</reference>
      <record_synonym>
        <synonym>D-Ada[3]</synonym>
        <synonym_sgml>D-Ada&lt;up&gt;3&lt;/up&gt;</synonym_sgml>
      </record_synonym>
      <internal_note>fb-JOBS 74. kk020114.</internal_note>
      <phenotype>
        <phenotypic_class>
          <pclass>lethal</pclass>
          <pclass>somatic clone</pclass>
        </phenotypic_class>
        <phenotypic_class>
          <pclass>(with alpha-Adaptin[4]) visible</pclass>
          <pclass>conditional ts</pclass>
        </phenotypic_class>
        <phenotype_manifest_in>(with alpha-Adaptin[4]) wing</phenotype_manifest_in>
        <phenotype_manifest_in>conditional ts</phenotype_manifest_in>
        <phenotype_manifest_in>(with alpha-Adaptin[4]) wing vein</phenotype_manifest_in>
        <phenotype_manifest_in>conditional ts</phenotype_manifest_in>
        <phenotype_desc>The @&amp;agr;-Adaptin&lt;up&gt;3&lt;/up&gt;@/@&amp;agr;-Adaptin&lt;up&gt;4&lt;/up&gt;@ combination causes a temperature-dependent
wing phenotype. At 18&lt;up&gt;o&lt;/up&gt;C the mutant wings are normal. At 25&lt;up&gt;o&lt;/up&gt;C
wings are reduced in size and show vein pattern defects, truncations,
along the A/P axis. At 29&lt;up&gt;o&lt;/up&gt;C only wing remnants are left. The remnants
develop diagnostic dorsoventral pattern elements, indicating that only
A/P axis is affected.
Homozygous clones induced during early larval development do not survive.
Clones induced late in larval development do survive but at a growth
disadvantage compared to wild type twin spots.
</phenotype_desc>
      </phenotype>
      <allele_interaction>Genetic interaction (class, effect): visible | dominant | conditional ts, UI { Chc&lt;up&gt;1&lt;/up&gt;/+ }
Genetic interaction (anatomy, effect): wing, UI { Chc&lt;up&gt;1&lt;/up&gt;/+ }
Genetic interaction (anatomy, effect): wing vein, UI { Chc&lt;up&gt;1&lt;/up&gt;/+ }
Genetic interaction (anatomy, effect): posterior crossvein, UI { Chc&lt;up&gt;1&lt;/up&gt;/+ }
Double heterozygotes of @&amp;agr;-Adaptin&lt;up&gt;3&lt;/up&gt;@/+ with @Chc&lt;up&gt;1&lt;/up&gt;@/+ have a
reduced wing with vein defects at 25&lt;up&gt;o&lt;/up&gt;C and the wing remnant phenotype
at 29&lt;up&gt;o&lt;/up&gt;C. Double heterozygotes of @&amp;agr;-Adaptin&lt;up&gt;3&lt;/up&gt;@/+ with @Chc&lt;up&gt;1&lt;/up&gt;@/+
at 18&lt;up&gt;o&lt;/up&gt;C show a thickened posterior crossvein phenotype, reminiscent
of the @tkv@ mutant phenotype.</allele_interaction>
      <reference>FBrf0127031 == gm7664.hf == Cadavid et al., 2000, Development 127(8): 1727--1736</reference>
      <record_synonym>
        <synonym>alpha-Ada[3]</synonym>
        <synonym_sgml>&amp;agr;-Ada&lt;up&gt;3&lt;/up&gt;</synonym_sgml>
      </record_synonym>
      <allele_interaction>Genetic interaction (effect, class): enhancer | dominant, visible { lqf&lt;up&gt;FDD9&lt;/up&gt; }
Genetic interaction (effect, anatomy): enhancer | dominant, eye { lqf&lt;up&gt;FDD9&lt;/up&gt; }
Genetic interaction (effect, anatomy): enhancer | dominant, wing { lqf&lt;up&gt;FDD9&lt;/up&gt; }
The eye and wing defects of @lqf&lt;up&gt;FDD9&lt;/up&gt;@ homozygotes are dominantly
enhanced by @&amp;agr;-Adaptin&lt;up&gt;3&lt;/up&gt;@.</allele_interaction>
      <reference>FBrf0148996 == gm10414 == Boehm and Bonifacino, 2002, Gene 286(2): 175--186</reference>
      <record_synonym>
        <synonym>D-alphaAda[3]</synonym>
        <synonym_sgml>D-&amp;agr;Ada&lt;up&gt;3&lt;/up&gt;</synonym_sgml>
        <reference>FBrf0151895 == ds222.hf == Berdnik et al., 2002, Dev. Cell 3(2): 221--231</reference>
      </record_synonym>
      <complementation>
        <type>fails_to_complement</type>
        <complements>alpha-Adaptin[ear4]</complements>
        <background></background>
        <complements_gene>alpha-Adaptin[ear4]</complements_gene>
        <complements_allele_no></complements_allele_no>
        <same_gene>0</same_gene>
      </complementation>
      <complementation>
        <type>fails_to_complement</type>
        <complements>alpha-Adaptin[ear5]</complements>
        <background></background>
        <complements_gene>alpha-Adaptin[ear5]</complements_gene>
        <complements_allele_no></complements_allele_no>
        <same_gene>0</same_gene>
      </complementation>
      <complementation>
        <type>fails_to_complement</type>
        <complements>alpha-Adaptin[ear26]</complements>
        <background></background>
        <complements_gene>alpha-Adaptin[ear26]</complements_gene>
        <complements_allele_no></complements_allele_no>
        <same_gene>0</same_gene>
      </complementation>
    </allele>
    <allele>
      <allele_symbol>alpha-Adaptin[4]</allele_symbol>
      <allele_symbol_sgml>&amp;agr;-Adaptin&lt;up&gt;4&lt;/up&gt;</allele_symbol_sgml>
      <FBid>FBal0101841</FBid>
      <greference>FBrf0111373 == rd3662.hf == Gonzalez-Gaitan and Jackle, 1999, Mech. Dev. 87(1-2): 143--151</greference>
      <reference>FBrf0111373 == rd3662.hf == Gonzalez-Gaitan and Jackle, 1999, Mech. Dev. 87(1-2): 143--151</reference>
      <internal_note>fb-JOBS 74. kk020114.</internal_note>
      <origin>
        <origin_entry>ethyl methanesulfonate</origin_entry>
      </origin>
      <phenotype>
        <phenotypic_class>
          <pclass>(with alpha-Adaptin[3]) visible</pclass>
          <pclass>conditional ts</pclass>
        </phenotypic_class>
        <phenotype_manifest_in>(with alpha-Adaptin[3]) wing</phenotype_manifest_in>
        <phenotype_manifest_in>conditional ts</phenotype_manifest_in>
        <phenotype_manifest_in>(with alpha-Adaptin[3]) wing vein</phenotype_manifest_in>
        <phenotype_manifest_in>conditional ts</phenotype_manifest_in>
        <allele_class>hypomorph</allele_class>
        <phenotype_desc>The @&amp;agr;-Adaptin&lt;up&gt;3&lt;/up&gt;@/@&amp;agr;-Adaptin&lt;up&gt;4&lt;/up&gt;@ combination causes a temperature-dependent
wing phenotype. At 18&lt;up&gt;o&lt;/up&gt;C the mutant wings are normal. At 25&lt;up&gt;o&lt;/up&gt;C
wings are reduced in size and show vein pattern defects, truncations,
along the A/P axis. At 29&lt;up&gt;o&lt;/up&gt;C only wing remnants are left. The remnants
develop diagnostic dorsoventral pattern elements, indicating that only
A/P axis is affected.
</phenotype_desc>
      </phenotype>
    </allele>
    <allele>
      <allele_symbol>alpha-Adaptin[ear26]</allele_symbol>
      <allele_symbol_sgml>&amp;agr;-Adaptin&lt;up&gt;ear26&lt;/up&gt;</allele_symbol_sgml>
      <FBid>FBal0148526</FBid>
      <greference>FBrf0151895 == ds222.hf == Berdnik et al., 2002, Dev. Cell 3(2): 221--231</greference>
      <reference>FBrf0151895 == ds222.hf == Berdnik et al., 2002, Dev. Cell 3(2): 221--231</reference>
      <record_synonym>
        <synonym>ada[ear26]</synonym>
        <synonym_sgml>ada&lt;up&gt;ear26&lt;/up&gt;</synonym_sgml>
      </record_synonym>
      <origin>
        <origin_entry>ethyl methanesulfonate</origin_entry>
      </origin>
      <phenotype>
        <allele_class>hypomorph</allele_class>
      </phenotype>
      <complementation>
        <type>fails_to_complement</type>
        <complements>alpha-Adaptin[3]</complements>
        <background></background>
        <complements_gene>alpha-Adaptin[3]</complements_gene>
        <complements_allele_no></complements_allele_no>
        <same_gene>0</same_gene>
      </complementation>
      <complementation>
        <type>complements</type>
        <complements>alpha-Adaptin[06694]</complements>
        <background></background>
        <complements_gene>alpha-Adaptin[06694]</complements_gene>
        <complements_allele_no></complements_allele_no>
        <same_gene>0</same_gene>
      </complementation>
      <molecular_info>Deletion of V824 and N825.</molecular_info>
    </allele>
    <allele>
      <allele_symbol>alpha-Adaptin[ear4]</allele_symbol>
      <allele_symbol_sgml>&amp;agr;-Adaptin&lt;up&gt;ear4&lt;/up&gt;</allele_symbol_sgml>
      <FBid>FBal0148525</FBid>
      <greference>FBrf0151895 == ds222.hf == Berdnik et al., 2002, Dev. Cell 3(2): 221--231</greference>
      <reference>FBrf0151895 == ds222.hf == Berdnik et al., 2002, Dev. Cell 3(2): 221--231</reference>
      <record_synonym>
        <synonym>ada[ear4]</synonym>
        <synonym_sgml>ada&lt;up&gt;ear4&lt;/up&gt;</synonym_sgml>
      </record_synonym>
      <origin>
        <origin_entry>ethyl methanesulfonate</origin_entry>
      </origin>
      <phenotype>
        <phenotype_manifest_in>macrochaeta</phenotype_manifest_in>
        <phenotype_manifest_in>somatic clone</phenotype_manifest_in>
        <phenotype_manifest_in>socket</phenotype_manifest_in>
        <phenotype_manifest_in>ectopic</phenotype_manifest_in>
        <phenotype_manifest_in>somatic clone</phenotype_manifest_in>
        <phenotype_manifest_in>external sensory organ precursor cell IIb</phenotype_manifest_in>
        <phenotype_manifest_in>somatic clone</phenotype_manifest_in>
        <phenotype_manifest_in>external sensory organ precursor cell IIa</phenotype_manifest_in>
        <phenotype_manifest_in>ectopic</phenotype_manifest_in>
        <phenotype_manifest_in>somatic clone</phenotype_manifest_in>
        <phenotype_manifest_in>microchaeta</phenotype_manifest_in>
        <phenotype_manifest_in>somatic clone</phenotype_manifest_in>
        <phenotype_desc>In somatic clones of @&amp;agr;-Adaptin&lt;up&gt;ear4&lt;/up&gt;@ in the head, most bristles
are transformed to have 2-4 socket cells and no shaft. In @&amp;agr;-Adaptin&lt;up&gt;ear4&lt;/up&gt;@
somatic clones in the head, 92% of the macrochaetae show cell fate
transformations of either pIIb into pIIa or hair to socket. Similar
defects, although at a lower frequency, occur in microchaetae in these
clones.
</phenotype_desc>
      </phenotype>
      <allele_interaction>Genetic interaction (anatomy, effect): socket | ectopic | somatic clone, non-suppressible { numb&lt;up&gt;hs.PU&lt;/up&gt; }
Genetic interaction (anatomy, effect): macrochaeta | somatic clone, non-suppressible { numb&lt;up&gt;hs.PU&lt;/up&gt; }
Genetic interaction (effect, anatomy): non-suppressor | somatic clone, macrochaeta | conditional ts { N&lt;up&gt;l1N-ts1&lt;/up&gt; }
The bristle transformations seen in @&amp;agr;-Adaptin&lt;up&gt;ear4&lt;/up&gt;@ clones are
unaffected by the presence @numb&lt;up&gt;hs.PU&lt;/up&gt;@ together with heat shock (2x45
minute 37&lt;up&gt;o&lt;/up&gt;C heat shocks separated by 30 minutes, at 16-18 hours APF).
Macrochaetae in somatic clones of @&amp;agr;-Adaptin&lt;up&gt;ear4&lt;/up&gt;@ in a @N&lt;up&gt;l1N-ts1&lt;/up&gt;@
background at 29&lt;up&gt;o&lt;/up&gt;C exhibit a phenotype typical of @N@ (bristle loss),
rather than that seen in @&amp;agr;-Adaptin&lt;up&gt;ear4&lt;/up&gt;@ somatic clones in a
wild-type background (transformation to socket cells).</allele_interaction>
      <complementation>
        <type>fails_to_complement</type>
        <complements>alpha-Adaptin[3]</complements>
        <background></background>
        <complements_gene>alpha-Adaptin[3]</complements_gene>
        <complements_allele_no></complements_allele_no>
        <same_gene>0</same_gene>
      </complementation>
      <complementation>
        <type>complements</type>
        <complements>alpha-Adaptin[06694]</complements>
        <background></background>
        <complements_gene>alpha-Adaptin[06694]</complements_gene>
        <complements_allele_no></complements_allele_no>
        <same_gene>0</same_gene>
      </complementation>
      <molecular_info>Amino acid replacement: R841@.</molecular_info>
    </allele>
    <allele>
      <allele_symbol>alpha-Adaptin[ear5]</allele_symbol>
      <allele_symbol_sgml>&amp;agr;-Adaptin&lt;up&gt;ear5&lt;/up&gt;</allele_symbol_sgml>
      <FBid>FBal0148524</FBid>
      <greference>FBrf0151895 == ds222.hf == Berdnik et al., 2002, Dev. Cell 3(2): 221--231</greference>
      <reference>FBrf0151895 == ds222.hf == Berdnik et al., 2002, Dev. Cell 3(2): 221--231</reference>
      <record_synonym>
        <synonym>ada[ear5]</synonym>
        <synonym_sgml>ada&lt;up&gt;ear5&lt;/up&gt;</synonym_sgml>
      </record_synonym>
      <origin>
        <origin_entry>ethyl methanesulfonate</origin_entry>
      </origin>
      <complementation>
        <type>fails_to_complement</type>
        <complements>alpha-Adaptin[3]</complements>
        <background></background>
        <complements_gene>alpha-Adaptin[3]</complements_gene>
        <complements_allele_no></complements_allele_no>
        <same_gene>0</same_gene>
      </complementation>
      <complementation>
        <type>complements</type>
        <complements>alpha-Adaptin[06694]</complements>
        <background></background>
        <complements_gene>alpha-Adaptin[06694]</complements_gene>
        <complements_allele_no></complements_allele_no>
        <same_gene>0</same_gene>
      </complementation>
      <molecular_info>Amino acid replacement: Q850@.</molecular_info>
    </allele>
    <allele>
      <allele_symbol>alpha-Adaptin[EP2519]</allele_symbol>
      <allele_symbol_sgml>&amp;agr;-Adaptin&lt;up&gt;EP2519&lt;/up&gt;</allele_symbol_sgml>
      <FBid>FBal0089856</FBid>
      <greference>FBrf0132177 == Gene Disruption Project members, 2001-, computer file</greference>
      <greference>FBrf0101995 == gm4291.h == Rorth et al., 1998, Development 125(6): 1049--1057</greference>
      <reference>FBrf0101995 == gm4291.h == Rorth et al., 1998, Development 125(6): 1049--1057</reference>
      <record_synonym>
        <synonym>unnamed</synonym>
        <synonym_sgml>unnamed</synonym_sgml>
      </record_synonym>
      <origin>
        <origin_entry>P-element activity</origin_entry>
      </origin>
      <insertion>
        <insertion_entry>FBti0010425 == FBti0011203 == P{EP}alpha-Adaptin[EP2519]; BDGP:EP(2)2519</insertion_entry>
        <insertion_acc>FBti0010425</insertion_acc>
        <insertion_acc>FBti0011203</insertion_acc>
        <insertion_symbol>P{EP}alpha-Adaptin[EP2519]</insertion_symbol>
        <insertion_symbol_sgml>P{EP}&amp;agr;-Adaptin&lt;up&gt;EP2519&lt;/up&gt;</insertion_symbol_sgml>
        <bdgp_symbol>EP(2)2519</bdgp_symbol>
        <insertion_entry_sgml>FBti0010425 == FBti0011203 == P{EP}&amp;agr;-Adaptin&lt;up&gt;EP2519&lt;/up&gt;; BDGP:EP(2)2519</insertion_entry_sgml>
      </insertion>
      <allele_interaction>Genetic interaction (effect, class): suppressor { slbo&lt;up&gt;01310&lt;/up&gt;, Scer\GAL4&lt;up&gt;slbo.2.6&lt;/up&gt; }
Suppresses the sterility and abnormal border follicle cell migration
phenotype of @slbo&lt;up&gt;01310&lt;/up&gt;@ females when expressed under the control of
@Scer\GAL4&lt;up&gt;slbo.2.6&lt;/up&gt;@.</allele_interaction>
      <reference>FBrf0132177 == Gene Disruption Project members, 2001-, computer file</reference>
      <insertion>
        <insertion_entry>FBti0010425 == FBti0011203 == P{EP}alpha-Adaptin[EP2519]; BDGP:EP(2)2519</insertion_entry>
        <insertion_acc>FBti0010425</insertion_acc>
        <insertion_acc>FBti0011203</insertion_acc>
        <insertion_symbol>P{EP}alpha-Adaptin[EP2519]</insertion_symbol>
        <insertion_symbol_sgml>P{EP}&amp;agr;-Adaptin&lt;up&gt;EP2519&lt;/up&gt;</insertion_symbol_sgml>
        <bdgp_symbol>EP(2)2519</bdgp_symbol>
        <insertion_entry_sgml>FBti0010425 == FBti0011203 == P{EP}&amp;agr;-Adaptin&lt;up&gt;EP2519&lt;/up&gt;; BDGP:EP(2)2519</insertion_entry_sgml>
      </insertion>
    </allele>
    <allele>
      <allele_symbol>alpha-Adaptin[EP896]</allele_symbol>
      <allele_symbol_sgml>&amp;agr;-Adaptin&lt;up&gt;EP896&lt;/up&gt;</allele_symbol_sgml>
      <FBid>FBal0123350</FBid>
      <greference>FBrf0132177 == Gene Disruption Project members, 2001-, computer file</greference>
      <greference>FBrf0135708 == cy1114.h == Kraut et al., 2001, Curr. Biol. 11(6): 417--430</greference>
      <greference>FBrf0135968 == cy1115.h == Kraut et al., 2001, Curr. Biol. 11(6): http://images.cellpress.com/supmat/cub/11fKraut417.pdf</greference>
      <reference>FBrf0132177 == Gene Disruption Project members, 2001-, computer file</reference>
      <insertion>
        <insertion_entry>FBti0007726 == P{EP}alpha-Adaptin[EP896]; BDGP:EP(2)0896</insertion_entry>
        <insertion_acc>FBti0007726</insertion_acc>
        <insertion_symbol>P{EP}alpha-Adaptin[EP896]</insertion_symbol>
        <insertion_symbol_sgml>P{EP}&amp;agr;-Adaptin&lt;up&gt;EP896&lt;/up&gt;</insertion_symbol_sgml>
        <bdgp_symbol>EP(2)0896</bdgp_symbol>
        <insertion_entry_sgml>FBti0007726 == P{EP}&amp;agr;-Adaptin&lt;up&gt;EP896&lt;/up&gt;; BDGP:EP(2)0896</insertion_entry_sgml>
      </insertion>
      <reference>FBrf0135708 == cy1114.h == Kraut et al., 2001, Curr. Biol. 11(6): 417--430</reference>
      <origin>
        <origin_entry>P-element activity</origin_entry>
      </origin>
      <insertion>
        <insertion_entry>FBti0007726 == P{EP}alpha-Adaptin[EP896]; BDGP:EP(2)0896</insertion_entry>
        <insertion_acc>FBti0007726</insertion_acc>
        <insertion_symbol>P{EP}alpha-Adaptin[EP896]</insertion_symbol>
        <insertion_symbol_sgml>P{EP}&amp;agr;-Adaptin&lt;up&gt;EP896&lt;/up&gt;</insertion_symbol_sgml>
        <bdgp_symbol>EP(2)0896</bdgp_symbol>
        <insertion_entry_sgml>FBti0007726 == P{EP}&amp;agr;-Adaptin&lt;up&gt;EP896&lt;/up&gt;; BDGP:EP(2)0896</insertion_entry_sgml>
        <synonym>EP(2) 0896</synonym>
        <synonym_sgml>EP(2) 0896</synonym_sgml>
      </insertion>
      <reference>FBrf0135968 == cy1115.h == Kraut et al., 2001, Curr. Biol. 11(6): http://images.cellpress.com/supmat/cub/11fKraut417.pdf</reference>
      <origin>
        <origin_entry>P-element activity</origin_entry>
      </origin>
      <insertion>
        <insertion_entry>FBti0007726 == P{EP}alpha-Adaptin[EP896]; BDGP:EP(2)0896</insertion_entry>
        <insertion_acc>FBti0007726</insertion_acc>
        <insertion_symbol>P{EP}alpha-Adaptin[EP896]</insertion_symbol>
        <insertion_symbol_sgml>P{EP}&amp;agr;-Adaptin&lt;up&gt;EP896&lt;/up&gt;</insertion_symbol_sgml>
        <bdgp_symbol>EP(2)0896</bdgp_symbol>
        <insertion_entry_sgml>FBti0007726 == P{EP}&amp;agr;-Adaptin&lt;up&gt;EP896&lt;/up&gt;; BDGP:EP(2)0896</insertion_entry_sgml>
        <synonym>EP(2) 0896</synonym>
        <synonym_sgml>EP(2) 0896</synonym_sgml>
      </insertion>
      <phenotype>
        <phenotype_manifest_in>anterior fascicle { Scer\GAL4[elav-C155] }</phenotype_manifest_in>
        <phenotype_manifest_in>anterior fascicle &amp; synapse { Scer\GAL4[elav-C155] }</phenotype_manifest_in>
        <phenotype_desc>Mutant larvae expressing @&amp;agr;-Adaptin&lt;up&gt;EP896&lt;/up&gt;@ under the control of
@Scer\GAL4&lt;up&gt;elav-C155&lt;/up&gt;@ have ISN neuron pathfinding defects.
Mutant larvae expressing @&amp;agr;-Adaptin&lt;up&gt;EP896&lt;/up&gt;@ under the control of
@Scer\GAL4&lt;up&gt;elav-C155&lt;/up&gt;@ have reduced or abnormal synapses.
</phenotype_desc>
      </phenotype>
      <molecular_info>The @P{EP}@ element is inserted 118 nucleotides 5' to the predicted</molecular_info>
      <molecular_info>ATG start codon.</molecular_info>
    </allele>
  </gene>
  <gene>
    <gene_symbol>alpha-Cat</gene_symbol>
    <gene_symbol_sgml>&amp;agr;-Cat</gene_symbol_sgml>
    <FBid>FBgn0010215</FBid>
    <full_name>alpha Catenin</full_name>
    <full_name_sgml>&amp;agr; Catenin</full_name_sgml>
    <record_synonym>
      <synonym>CG17947</synonym>
      <synonym_sgml>CG17947</synonym_sgml>
    </record_synonym>
    <cyto_location>
      <cloc>80E2--3</cloc>
    </cyto_location>
    <cyto_location>
      <cloc>Limits computationally determined from genome sequence between @P{lacW}l(3)j1B10&lt;up&gt;j1B10&lt;/up&gt;@ and @P{lacW}l(3)j2C4&lt;up&gt;j2C4&lt;/up&gt;@</cloc>
    </cyto_location>
    <NA_accession>AA950570; BDGP-DGC:LD30423</NA_accession>
    <NA_accession>AE002656; AAF45466</NA_accession>
    <NA_accession>AW943025; BDGP-DGC:LD30423</NA_accession>
    <NA_accession>AY051780; AAK93204; BDGP-DGC:LD30423</NA_accession>
    <NA_accession>D13964; BAA03067</NA_accession>
    <AA_accession>PIR:A40694</AA_accession>
    <AA_accession>SWP:P35220</AA_accession>
    <review_reference>FBrf0155680</review_reference>
    <review_reference>FBrf0155493</review_reference>
    <review_reference>FBrf0155643</review_reference>
    <greference>FBrf0098384 == ew7305 == Alatortsev, 1997, D. I. S. 80: 37--38</greference>
    <greference>FBrf0125078 == BDGP Project Members, 2000-, computer file</greference>
    <greference>FBrf0158855 == gm12322 == Bradley et al., 2003, Dev. Biol. 257(2): 249--262</greference>
    <greference>FBrf0093380 == rd2823 == Bryant, 1997, Dev. Genet. 20(2): 75--90</greference>
    <greference>FBrf0160459 == gm12532 == Corradini et al., 2003, Chromosoma 112(1): 26--37</greference>
    <greference>FBrf0134731 == gm9534.h == Coulier et al., 2000, J. exp. Zool. Molec. Dev. Evol. 288(4): 345--351</greference>
    <greference>FBrf0089622 == ew4858.h == Cox et al., 1996, J. Cell Biol. 134(1): 133--148</greference>
    <greference>FBrf0107664 == gm5920.h == Cox et al., 1999, Development 126(6): 1327--1335</greference>
    <greference>FBrf0132360 == rf102 == Deng and Lin, 2001, Etkin, Jeon, 2001: 93--138</greference>
    <greference>FBrf0126705 == FamiliarityBreedsContempt, 1999.11, automatic genome annotation</greference>
    <greference>FBrf0154600 == Fox et al., 2003, A. Dros. Res. Conf. 44: 218B</greference>
    <greference>FBrf0087156 == rd2484.h == Fuse et al., 1996, Development 122(4): 1059--1067</greference>
    <greference>FBrf0166452 == Giot, 2003, Science 302(5651): http://www.sciencemag.org/cgi/content/full/1090289/DC1/2</greference>
    <greference>FBrf0132099 == gm8653 == Goldstein and Gunawardena, 2000, J. Cell Biol. 150(2): http://intl.jcb.org/cgi/content/full/150/2/F63/DC1/1</greference>
    <greference>FBrf0132100 == hb38 == gm8654.hf == Goldstein and Gunawardena, 2000, J. Cell Biol. 150(2): http://intl.jcb.org/cgi/content/full/150/2/F63/DC1/2</greference>
    <greference>FBrf0126668 == Goldstein, 1999.11, curated genome annotation</greference>
    <greference>FBrf0156078 == rf121 == Gonczy, 2002, Trends Cell Biol. 12(7): 332--339</greference>
    <greference>FBrf0104750 == gm5272.h == Gonzalez-Reyes and St. Johnston, 1998, Development 125(18): 3635--3644</greference>
    <greference>FBrf0091309 == ew4543.hf == Goto and Hayashi, 1997, Development 124(1): 125--132</greference>
    <greference>FBrf0141596 == gm12279 == Grevengoed et al., 2001, J. Cell Biol. 155(7): 1185--1198</greference>
    <greference>FBrf0146076 == Grevengoed et al., 2002, A. Dros. Res. Conf. 43: 213C</greference>
    <greference>FBrf0087276 == ew7905 == Gumbiner, 1995, Curr. Opin. Cell Biol. 7(5): 634--640</greference>
    <greference>FBrf0151280 == rf020823.e == Harden, 2002, Differentiation 70(4-5): 181--203</greference>
    <greference>FBrf0154467 == Hayashi et al., 2003, A. Dros. Res. Conf. 44: 696C</greference>
    <greference>FBrf0159915 == rf209 == Humbert et al., 2003, BioEssays 25(6): 542--553</greference>
    <greference>FBrf0129866 == gm8671.h == Hunter and Wieschaus, 2000, J. Cell Biol. 150(2): 391--401</greference>
    <greference>FBrf0092843 == rd2797 == Hunter, 1997, Cell 88(3): 333--346</greference>
    <greference>FBrf0129868 == hb40 == gm8662.h == Hynes and Zhao, 2000, J. Cell Biol. 150(2): F89--F95</greference>
    <greference>FBrf0139617 == cy1419 == Jacinto and Martin, 2001, Curr. Biol. 11(17): R705--R707</greference>
    <greference>FBrf0131320 == cy974.h == Jacinto et al., 2000, Curr. Biol. 10(22): 1420--1426</greference>
    <greference>FBrf0133900 == Jesse et al., 2001, A. Dros. Res. Conf. 42: 414C</greference>
    <greference>FBrf0145889 == Jesse et al., 2002, A. Dros. Res. Conf. 43: 437B</greference>
    <greference>FBrf0080740 == ew8031 == Kirkpatrick and Peifer, 1995, Curr. Opin. Genet. Dev. 5(1): 56--65</greference>
    <greference>FBrf0151481 == gm10728.h == Knox and Brown, 2002, Science 295(5558): 1285--1288</greference>
    <greference>FBrf0155493 == gm11241 == Knust and Bossinger, 2002, Science 298(5600): 1955--1959</greference>
    <greference>FBrf0075029 == Knust, 1994, Trends Genet. 10(8): 275--280</greference>
    <greference>FBrf0132148 == gm8756 == Kramer, 2000, J. Cell Biol. 151(4): F15--F18</greference>
    <greference>FBrf0133788 == Le Borgne et al., 2001, A. Dros. Res. Conf. 42: 226A</greference>
    <greference>FBrf0144779 == cy1553.hf == Le Borgne et al., 2002, Curr. Biol. 12(2): 95--104</greference>
    <greference>FBrf0092605 == rd2788.hf == Lee et al., 1997, Development 124(2): 353--362</greference>
    <greference>FBrf0110161 == gm6837.h == Lee et al., 1999, J. Biol. Chem. 274(30): 21464--21470</greference>
    <greference>FBrf0141471 == rd4300.hf == Lopez-Schier and St. Johnston, 2002, Dev. Cell 2(1): 79--89</greference>
    <greference>FBrf0160750 == rf231 == Lopez-Schier, 2003, BioEssays 25(8): 781--791</greference>
    <greference>FBrf0157103 == Magie and Parkhurst, 2003, A. Dros. Res. Conf. 44 Suppl.: 1022B</greference>
    <greference>FBrf0151270 == gm11199.h == Magie et al., 2002, Development 129(16): 3771--3782</greference>
    <greference>FBrf0099384 == gm3548 == Martinek and Gaul, 1997, Curr. Biol. 7(11): R712--R715</greference>
    <greference>FBrf0145083 == gm11441 == McCartney et al., 2001, Molec. Biol. Cell 12(Suppl.): 401a</greference>
    <greference>FBrf0139771 == gm11999.h == McCartney et al., 2001, Nature Cell Biol. 3(10): 933--938</greference>
    <greference>FBrf0155581 == rf220 == Medina et al., 2002, Biol. Cell 94(6): 305--313</greference>
    <greference>FBrf0161459 == Mi et al., 2003.9.9, personal communication to FlyBase</greference>
    <greference>FBrf0167841 == gm12766 == Mueller and Bossinger, 2003, Mech. Dev. 120(11): 1231--1256</greference>
    <greference>FBrf0128579 == gm8502 == Muller, 2000, Dev. Dynamics 218(1): 52--67</greference>
    <greference>FBrf0155865 == rd4823 == Myster et al., 2003, J. Cell Biol. 160(3): 433--449</greference>
    <greference>FBrf0157237 == gm11495 == Nelson, 2003, Nature 422(6933): 766--774</greference>
    <greference>FBrf0124973 == cy341.h == Oda and Tsukita, 1999, Dev. Biol. 216(1): 406--422</greference>
    <greference>FBrf0107917 == gm5958.h == Oda and Tsukita, 1999, Dev. Genes Evol. 209(4): 218--225</greference>
    <greference>FBrf0058808 == gm1844.hf == Oda et al., 1993, J. Cell Biol. 121(5): 1133--1140</greference>
    <greference>FBrf0085679 == Oda et al., 1996, A. Dros. Res. Conf. 37: 199</greference>
    <greference>FBrf0093177 == ew8852.h == Oda et al., 1997, Genes to Cells 2(1): 29--40</greference>
    <greference>FBrf0105289 == gm5510.h == Oda et al., 1998, Dev. Biol. 203(2): 435--450</greference>
    <greference>FBrf0090729 == ew4859.h == Orsulic and Peifer, 1996, J. Cell Biol. 134(5): 1283--1300</greference>
    <greference>FBrf0091133 == ew4855.h == Pai et al., 1996, J. Biol. Chem. 271(50): 32411--32420</greference>
    <greference>FBrf0074145 == ew6833 == Peifer et al., 1993, Ingham, Brown, Martinez Arias, 1993: 163--176</greference>
    <greference>FBrf0058828 == 1104.m == Peifer, 1993, J. Cell Sci. 105(4): 993--1000</greference>
    <greference>FBrf0151636 == gm10906 == Renfranz and Beckerle, 2002, Curr. Opin. Cell Biol. 14(1): 88--103</greference>
    <greference>FBrf0159036 == rd4832 == Roch et al., 2003, J. Cell Sci. 116(7): 1199--1207</greference>
    <greference>FBrf0126607 == Rudenko and Tepass, 2000, A. Dros. Res. Conf. 41: 438B</greference>
    <greference>FBrf0151250 == gm10973.h == Schock and Perrimon, 2002, Dev. Biol. 248(1): 29--39</greference>
    <greference>FBrf0155521 == gm11150.h == Speck et al., 2003, Nature 421(6918): 83--87</greference>
    <greference>TPrf0143 == Harris, 2004, A. Dros. Res. Conf. 45: 143</greference>
    <greference>TPrf0220A == Parkhurst, 2004, A. Dros. Res. Conf. 45: 220A</greference>
    <greference>FBrf0105943 == gm5593.hf == Takahashi et al., 1998, Mech. Dev. 78(1-2): 97--111</greference>
    <greference>FBrf0091292 == ew4514.h == Tanaka-Matakatsu et al., 1996, Development 122(12): 3697--3705</greference>
    <greference>FBrf0141282 == gm10328 == Tepass et al., 2001, A. Rev. Genet. 35: 747--784</greference>
    <greference>FBrf0089843 == ew4293.h == Tepass, 1996, Dev. Biol. 177(1): 217--225</greference>
    <greference>FBrf0098365 == gm2797 == Tepass, 1997, BioEssays 19(8): 673--682</greference>
    <greference>FBrf0111499 == gm10899 == Tepass, 1999, Curr. Opin. Cell Biol. 11(5): 540--548</greference>
    <greference>FBrf0108476 == gm6389 == Van Etten, 1999, Trends Cell Biol. 9(5): 179--186</greference>
    <greference>FBrf0126387 == Wang et al., 2000, A. Dros. Res. Conf. 41: 439C</greference>
    <greference>FBrf0155643 == rf51 == Wedlich, 2002, Curr. Opin. Cell Biol. 14(5): 563--568</greference>
    <greference>FBrf0100288 == gm4172.h == White et al., 1998, J. Cell Biol. 140(1): 183--195</greference>
    <greference>FBrf0133225 == gm8810.h == Whitfield, 2000.12.19, personal communication to FlyBase</greference>
    <greference>FBrf0135195 == gm9004.hf == Whitfield, 2001.2.19, personal communication to FlyBase</greference>
    <greference>FBrf0129188 == gm8160 == Yagi and Takeichi, 2000, Genes Dev. 14(10): 1169--1180</greference>
    <greference>FBrf0098376 == gm3227.h == Yanagawa et al., 1997, J. Biol. Chem. 272(40): 25243--25251</greference>
    <greference>FBrf0105343 == gm5482.h == Yanagawa et al., 1998, J. Biol. Chem. 273(48): 32353--32359</greference>
    <greference>FBrf0128689 == gm8164.h == Yanagawa et al., 2000, FEBS Lett. 474(2-3): 189--194</greference>
    <greference>FBrf0146998 == cy1818.hf == Yanagawa et al., 2002, EMBO J. 21(7): 1733--1742</greference>
    <greference>FBrf0151885 == ds1.hf == Akong et al., 2002, Dev. Biol. 250(1): 71--90</greference>
    <greference>FBrf0155702 == ds143 == Chihara et al., 2003, Development 130(7): 1419--1428</greference>
    <greference>FBrf0146971 == ds202 == Kowalczyk and Moses, 2002, Dev. Cell 2(3): 253--254</greference>
    <greference>FBrf0155680 == ds240 == rf88 == Muller, 2003, Dev. Cell 4(1): 1--3</greference>
    <greference>FBrf0152252 == ds262 == Noselli, 2002, Nature Cell Biol. 4(11): E251--E253</greference>
    <greference>FBrf0152249 == ds266 == Wood et al., 2002, Nature Cell Biol. 4(11): 907--912</greference>
    <greference>FBrf0155993 == ds267 == Kaltschmidt et al., 2002, Nature Cell Biol. 4(12): 937--944</greference>
    <greference>FBrf0162071 == ds395 == Jenkins et al., 2003, Development 130(18): 4417--4426</greference>
    <greference>FBrf0167608 == ds428 == Greil et al., 2003, Genes Dev. 17(22): 2825--2838</greference>
    <greference>FBrf0157202 == ds45 == Perez-Moreno, 2003, Cell 112(4): 535--548</greference>
    <reference>FBrf0166452 == Giot, 2003, Science 302(5651): http://www.sciencemag.org/cgi/content/full/1090289/DC1/2</reference>
    <record_synonym>
      <synonym>alpha-Cat</synonym>
      <synonym_sgml>alpha-Cat</synonym_sgml>
    </record_synonym>
    <internal_note>Analysis: physical</internal_note>
    <reference>FBrf0058808 == gm1844.hf == Oda et al., 1993, J. Cell Biol. 121(5): 1133--1140</reference>
    <record_synonym>
      <synonym>Dalpha-catenin</synonym>
      <synonym_sgml>D&amp;agr;-catenin</synonym_sgml>
    </record_synonym>
    <cyto_location>
      <cloc>80B (determined by in situ hybridisation)</cloc>
    </cyto_location>
    <phenotype>
      <phenotype_desc>@&amp;agr;-Cat@ has been cloned and sequenced, and its expression pattern
has been analysed.
</phenotype_desc>
    </phenotype>
    <gene_description>&amp;agr;-catenin is a component of a membrane-associated complex that
includes the @arm@ and @aagp@ gene products.</gene_description>
    <misc_comment>Isolated from a genomic library, using a mouse &amp;agr;E-catenin cDNA as
a probe, under low stringency conditions.</misc_comment>
    <reference>FBrf0058828 == 1104.m == Peifer, 1993, J. Cell Sci. 105(4): 993--1000</reference>
    <internal_note>Genes93 has this gene but no refs. This paper cites Oda et al J Cell
Biol in press. I am presuming that they are the same gene.</internal_note>
    <phenotype>
      <phenotype_desc>The @&amp;agr;-Cat@ gene product is part of a membrane-associated complex that
includes the @arm@ and @aagp@ gene products.
</phenotype_desc>
    </phenotype>
    <reference>FBrf0080740 == ew8031 == Kirkpatrick and Peifer, 1995, Curr. Opin. Genet. Dev. 5(1): 56--65</reference>
    <record_synonym>
      <synonym>alpha-catenin</synonym>
      <synonym_sgml>&amp;agr;-catenin</synonym_sgml>
      <reference>FBrf0085679 == Oda et al., 1996, A. Dros. Res. Conf. 37: 199</reference>
    </record_synonym>
    <record_synonym>
      <synonym>Dalpha-cadherin</synonym>
      <synonym_sgml>D&amp;agr;-cadherin</synonym_sgml>
      <reference>FBrf0087156 == rd2484.h == Fuse et al., 1996, Development 122(4): 1059--1067</reference>
    </record_synonym>
    <record_synonym>
      <synonym>Dalpha-catenin</synonym>
      <synonym_sgml>D&amp;agr;-catenin</synonym_sgml>
      <reference>FBrf0089622 == ew4858.h == Cox et al., 1996, J. Cell Biol. 134(1): 133--148</reference>
    </record_synonym>
    <record_synonym>
      <synonym>alpha-catenin</synonym>
      <synonym_sgml>&amp;agr;-catenin</synonym_sgml>
      <reference>FBrf0089843 == ew4293.h == Tepass, 1996, Dev. Biol. 177(1): 217--225</reference>
    </record_synonym>
    <record_synonym>
      <synonym>Dalpha-catenin</synonym>
      <synonym_sgml>D&amp;agr;-catenin</synonym_sgml>
      <reference>FBrf0090729 == ew4859.h == Orsulic and Peifer, 1996, J. Cell Biol. 134(5): 1283--1300</reference>
    </record_synonym>
    <record_synonym>
      <synonym>alpha-catenin</synonym>
      <synonym_sgml>&amp;agr;-catenin</synonym_sgml>
    </record_synonym>
    <phenotype>
      <phenotype_desc>The binding sites for @shg@ and @&amp;agr;-Cat@ are mapped on @arm@ protein,
these bind independently of each other to @arm@ and binding of each
is required for the function of adherens junctions.
</phenotype_desc>
    </phenotype>
    <reference>FBrf0091133 == ew4855.h == Pai et al., 1996, J. Biol. Chem. 271(50): 32411--32420</reference>
    <record_synonym>
      <synonym>alpha-catenin</synonym>
      <synonym_sgml>&amp;agr;-catenin</synonym_sgml>
    </record_synonym>
    <phenotype>
      <phenotype_desc>Yeast two-hybrid system and in vivo assays have identified a 76 amino
acid region of @arm@ that is necessary and sufficient for binding @&amp;agr;-Cat@
and also that the N-terminal 258 amino acids of @&amp;agr;-Cat@ interact
with @arm@.
</phenotype_desc>
    </phenotype>
    <reference>FBrf0091292 == ew4514.h == Tanaka-Matakatsu et al., 1996, Development 122(12): 3697--3705</reference>
    <record_synonym>
      <synonym>Dalpha-catenin</synonym>
      <synonym_sgml>D&amp;agr;-catenin</synonym_sgml>
      <reference>FBrf0091309 == ew4543.hf == Goto and Hayashi, 1997, Development 124(1): 125--132</reference>
    </record_synonym>
    <record_synonym>
      <synonym>Dalpha-catenin</synonym>
      <synonym_sgml>D&amp;agr;-catenin</synonym_sgml>
      <reference>FBrf0093177 == ew8852.h == Oda et al., 1997, Genes to Cells 2(1): 29--40</reference>
    </record_synonym>
    <record_synonym>
      <synonym>Dalpha-catenin</synonym>
      <synonym_sgml>D&amp;agr;-catenin</synonym_sgml>
      <reference>FBrf0098365 == gm2797 == Tepass, 1997, BioEssays 19(8): 673--682</reference>
    </record_synonym>
    <record_synonym>
      <synonym>Dalpha-catenin</synonym>
      <synonym_sgml>D&amp;agr;-catenin</synonym_sgml>
      <reference>FBrf0098376 == gm3227.h == Yanagawa et al., 1997, J. Biol. Chem. 272(40): 25243--25251</reference>
    </record_synonym>
    <record_synonym>
      <synonym>Dalpha-catenin</synonym>
      <synonym_sgml>D&amp;agr;-catenin</synonym_sgml>
      <reference>FBrf0098384 == ew7305 == Alatortsev, 1997, D. I. S. 80: 37--38</reference>
    </record_synonym>
    <record_synonym>
      <synonym>Dmcatp</synonym>
      <synonym_sgml>Dmcatp</synonym_sgml>
    </record_synonym>
    <misc_comment>Multiple regions of homology in the @Vinc@ and @&amp;agr;-Cat@ sequences
suggest the proteins may have overlapping functions.</misc_comment>
    <reference>FBrf0099384 == gm3548 == Martinek and Gaul, 1997, Curr. Biol. 7(11): R712--R715</reference>
    <record_synonym>
      <synonym>Dalpha-catenin</synonym>
      <synonym_sgml>D&amp;agr;-catenin</synonym_sgml>
      <reference>FBrf0100288 == gm4172.h == White et al., 1998, J. Cell Biol. 140(1): 183--195</reference>
    </record_synonym>
    <record_synonym>
      <synonym>Dalpha-catenin</synonym>
      <synonym_sgml>D&amp;agr;-catenin</synonym_sgml>
      <reference>FBrf0105289 == gm5510.h == Oda et al., 1998, Dev. Biol. 203(2): 435--450</reference>
    </record_synonym>
    <record_synonym>
      <synonym>Dalpha-catenin</synonym>
      <synonym_sgml>D&amp;agr;-catenin</synonym_sgml>
      <reference>FBrf0105343 == gm5482.h == Yanagawa et al., 1998, J. Biol. Chem. 273(48): 32353--32359</reference>
    </record_synonym>
    <record_synonym>
      <synonym>D-alpha-catenin</synonym>
      <synonym_sgml>D-&amp;agr;-catenin</synonym_sgml>
      <reference>FBrf0105943 == gm5593.hf == Takahashi et al., 1998, Mech. Dev. 78(1-2): 97--111</reference>
    </record_synonym>
    <record_synonym>
      <synonym>Dalpha-catenin</synonym>
      <synonym_sgml>D&amp;agr;-catenin</synonym_sgml>
      <reference>FBrf0107664 == gm5920.h == Cox et al., 1999, Development 126(6): 1327--1335</reference>
    </record_synonym>
    <record_synonym>
      <synonym>alpha-catenin</synonym>
      <synonym_sgml>&amp;agr;-catenin</synonym_sgml>
      <reference>FBrf0107917 == gm5958.h == Oda and Tsukita, 1999, Dev. Genes Evol. 209(4): 218--225</reference>
    </record_synonym>
    <record_synonym>
      <synonym>Dalpha-catenin</synonym>
      <synonym_sgml>D&amp;agr;-catenin</synonym_sgml>
      <reference>FBrf0108476 == gm6389 == Van Etten, 1999, Trends Cell Biol. 9(5): 179--186</reference>
    </record_synonym>
    <record_synonym>
      <synonym>alphacat</synonym>
      <synonym_sgml>&amp;agr;cat</synonym_sgml>
      <reference>FBrf0110161 == gm6837.h == Lee et al., 1999, J. Biol. Chem. 274(30): 21464--21470</reference>
    </record_synonym>
    <record_synonym>
      <synonym>Dalpha-catenin</synonym>
      <synonym_sgml>D&amp;agr;-catenin</synonym_sgml>
      <reference>FBrf0111499 == gm10899 == Tepass, 1999, Curr. Opin. Cell Biol. 11(5): 540--548</reference>
    </record_synonym>
    <record_synonym>
      <synonym>Dalpha-catenin</synonym>
      <synonym_sgml>D&amp;agr;-catenin</synonym_sgml>
      <reference>FBrf0118633 == Oda, 1993, GenBank/EMBL/DDBJ: D13964</reference>
    </record_synonym>
    <record_synonym>
      <synonym>alpha-catenin</synonym>
      <synonym_sgml>alpha-catenin</synonym_sgml>
      <reference>FBrf0125078 == BDGP Project Members, 2000-, computer file</reference>
    </record_synonym>
    <molecular_info>Identified with: LD30423 (BDGP-DGC)</molecular_info>
    <reference>FBrf0126387 == Wang et al., 2000, A. Dros. Res. Conf. 41: 439C</reference>
    <record_synonym>
      <synonym>alpha-Catenin</synonym>
      <synonym_sgml>alpha-Catenin</synonym_sgml>
      <reference>FBrf0128579 == gm8502 == Muller, 2000, Dev. Dynamics 218(1): 52--67</reference>
    </record_synonym>
    <record_synonym>
      <synonym>Dalpha-catenin</synonym>
      <synonym_sgml>D&amp;agr;-catenin</synonym_sgml>
      <reference>FBrf0128689 == gm8164.h == Yanagawa et al., 2000, FEBS Lett. 474(2-3): 189--194</reference>
    </record_synonym>
    <record_synonym>
      <synonym>Dalpha-catenin</synonym>
      <synonym_sgml>D&amp;agr;-catenin</synonym_sgml>
      <reference>FBrf0129188 == gm8160 == Yagi and Takeichi, 2000, Genes Dev. 14(10): 1169--1180</reference>
    </record_synonym>
    <record_synonym>
      <synonym>Dalpha-catenin</synonym>
      <synonym_sgml>D&amp;agr;-catenin</synonym_sgml>
      <reference>FBrf0129868 == hb40 == gm8662.h == Hynes and Zhao, 2000, J. Cell Biol. 150(2): F89--F95</reference>
    </record_synonym>
    <record_synonym>
      <synonym>CT39986</synonym>
      <synonym_sgml>CT39986</synonym_sgml>
      <reference>FBrf0132100 == hb38 == gm8654.hf == Goldstein and Gunawardena, 2000, J. Cell Biol. 150(2): http://intl.jcb.org/cgi/content/full/150/2/F63/DC1/2</reference>
    </record_synonym>
    <record_synonym>
      <synonym>CG17947</synonym>
      <synonym_sgml>CG17947</synonym_sgml>
      <reference>FBrf0132148 == gm8756 == Kramer, 2000, J. Cell Biol. 151(4): F15--F18</reference>
    </record_synonym>
    <record_synonym>
      <synonym>alpha-CAT</synonym>
      <synonym_sgml>&amp;agr;-CAT</synonym_sgml>
      <reference>FBrf0133225 == gm8810.h == Whitfield, 2000.12.19, personal communication to FlyBase</reference>
    </record_synonym>
    <record_synonym>
      <synonym>CG17947</synonym>
      <synonym_sgml>CG17947</synonym_sgml>
    </record_synonym>
    <internal_note>Re-annotation: exon/intron structure. gm010111.</internal_note>
    <reference>FBrf0134731 == gm9534.h == Coulier et al., 2000, J. exp. Zool. Molec. Dev. Evol. 288(4): 345--351</reference>
    <record_synonym>
      <synonym>a-cat</synonym>
      <synonym_sgml>a-cat</synonym_sgml>
      <reference>FBrf0135195 == gm9004.hf == Whitfield, 2001.2.19, personal communication to FlyBase</reference>
    </record_synonym>
    <record_synonym>
      <synonym>CG17947</synonym>
      <synonym_sgml>CG17947</synonym_sgml>
    </record_synonym>
    <internal_note>Re-annotation: exon/intron structure. gm010228.</internal_note>
    <reference>FBrf0141282 == gm10328 == Tepass et al., 2001, A. Rev. Genet. 35: 747--784</reference>
    <record_synonym>
      <synonym>Dalpha-cat</synonym>
      <synonym_sgml>D&amp;agr;-cat</synonym_sgml>
      <reference>FBrf0146998 == cy1818.hf == Yanagawa et al., 2002, EMBO J. 21(7): 1733--1742</reference>
    </record_synonym>
    <record_synonym>
      <synonym>Dalpha-catenin</synonym>
      <synonym_sgml>D&amp;agr;-catenin</synonym_sgml>
      <reference>FBrf0151250 == gm10973.h == Schock and Perrimon, 2002, Dev. Biol. 248(1): 29--39</reference>
    </record_synonym>
    <record_synonym>
      <synonym>alpha-catenin</synonym>
      <synonym_sgml>&amp;agr;-catenin</synonym_sgml>
      <reference>FBrf0151270 == gm11199.h == Magie et al., 2002, Development 129(16): 3771--3782</reference>
    </record_synonym>
    <record_synonym>
      <synonym>alpha-ctn</synonym>
      <synonym_sgml>&amp;agr;-ctn</synonym_sgml>
      <reference>FBrf0151481 == gm10728.h == Knox and Brown, 2002, Science 295(5558): 1285--1288</reference>
    </record_synonym>
    <record_synonym>
      <synonym>DalphaC</synonym>
      <synonym_sgml>D&amp;agr;C</synonym_sgml>
      <reference>FBrf0151636 == gm10906 == Renfranz and Beckerle, 2002, Curr. Opin. Cell Biol. 14(1): 88--103</reference>
    </record_synonym>
    <record_synonym>
      <synonym>alpha-catenin</synonym>
      <synonym_sgml>&amp;agr;-catenin</synonym_sgml>
      <reference>FBrf0151885 == ds1.hf == Akong et al., 2002, Dev. Biol. 250(1): 71--90</reference>
    </record_synonym>
    <record_synonym>
      <synonym>alpha-catenin</synonym>
      <synonym_sgml>&amp;agr;-catenin</synonym_sgml>
      <reference>FBrf0154467 == Hayashi et al., 2003, A. Dros. Res. Conf. 44: 696C</reference>
    </record_synonym>
    <record_synonym>
      <synonym>catenin</synonym>
      <synonym_sgml>catenin</synonym_sgml>
      <reference>FBrf0154600 == Fox et al., 2003, A. Dros. Res. Conf. 44: 218B</reference>
    </record_synonym>
    <record_synonym>
      <synonym>alpha-catenin</synonym>
      <synonym_sgml>&amp;agr;-catenin</synonym_sgml>
      <reference>FBrf0155643 == rf51 == Wedlich, 2002, Curr. Opin. Cell Biol. 14(5): 563--568</reference>
    </record_synonym>
    <record_synonym>
      <synonym>Dalpha-catenin</synonym>
      <synonym_sgml>D&amp;agr;-catenin</synonym_sgml>
      <reference>FBrf0155680 == ds240 == rf88 == Muller, 2003, Dev. Cell 4(1): 1--3</reference>
    </record_synonym>
    <record_synonym>
      <synonym>Dalpha-catenin</synonym>
      <synonym_sgml>D&amp;agr;-catenin</synonym_sgml>
      <reference>FBrf0156078 == rf121 == Gonczy, 2002, Trends Cell Biol. 12(7): 332--339</reference>
    </record_synonym>
    <record_synonym>
      <synonym>alpha-catenin</synonym>
      <synonym_sgml>&amp;agr;-catenin</synonym_sgml>
      <reference>FBrf0157202 == ds45 == Perez-Moreno, 2003, Cell 112(4): 535--548</reference>
    </record_synonym>
    <record_synonym>
      <synonym>alpha-catenin</synonym>
      <synonym_sgml>&amp;agr;-catenin</synonym_sgml>
      <reference>FBrf0139771 == gm11999.h == McCartney et al., 2001, Nature Cell Biol. 3(10): 933--938</reference>
    </record_synonym>
    <record_synonym>
      <synonym>alpha-cat</synonym>
      <synonym_sgml>&amp;agr;-cat</synonym_sgml>
      <reference>FBrf0132360 == rf102 == Deng and Lin, 2001, Etkin, Jeon, 2001: 93--138</reference>
    </record_synonym>
    <record_synonym>
      <synonym>alpha-catenin</synonym>
      <synonym_sgml>&amp;agr;-catenin</synonym_sgml>
      <reference>FBrf0159915 == rf209 == Humbert et al., 2003, BioEssays 25(6): 542--553</reference>
    </record_synonym>
    <record_synonym>
      <synonym>Dalpha-catenin</synonym>
      <synonym_sgml>D&amp;agr;-catenin</synonym_sgml>
      <reference>FBrf0155865 == rd4823 == Myster et al., 2003, J. Cell Biol. 160(3): 433--449</reference>
    </record_synonym>
    <record_synonym>
      <synonym>alphacat</synonym>
      <synonym_sgml>&amp;agr;cat</synonym_sgml>
    </record_synonym>
    <internal_note>Analysis: mut-exp</internal_note>
    <reference>FBrf0160750 == rf231 == Lopez-Schier, 2003, BioEssays 25(8): 781--791</reference>
    <record_synonym>
      <synonym>alpha-catenin</synonym>
      <synonym_sgml>&amp;agr;-catenin</synonym_sgml>
      <reference>FBrf0167608 == ds428 == Greil et al., 2003, Genes Dev. 17(22): 2825--2838</reference>
    </record_synonym>
    <record_synonym>
      <synonym>alpha-Cat</synonym>
      <synonym_sgml>alpha-Cat</synonym_sgml>
    </record_synonym>
    <internal_note>Analysis: cis-reg</internal_note>
    <reference>FBrf0167841 == gm12766 == Mueller and Bossinger, 2003, Mech. Dev. 120(11): 1231--1256</reference>
    <record_synonym>
      <synonym>DalphaCatenin</synonym>
      <synonym_sgml>D&amp;agr;Catenin</synonym_sgml>
      <reference>TPrf0143 == Harris, 2004, A. Dros. Res. Conf. 45: 143</reference>
    </record_synonym>
    <record_synonym>
      <synonym>alpha-catenin</synonym>
      <synonym_sgml>&amp;agr;-catenin</synonym_sgml>
      <reference>FBrf0141596 == gm12279 == Grevengoed et al., 2001, J. Cell Biol. 155(7): 1185--1198</reference>
    </record_synonym>
    <internal_note>Analysis: WT-exp, mut-exp</internal_note>
    <reference>FBrf0152249 == ds266 == Wood et al., 2002, Nature Cell Biol. 4(11): 907--912</reference>
    <internal_note>Analysis: mut-exp</internal_note>
    <reference>FBrf0155993 == ds267 == Kaltschmidt et al., 2002, Nature Cell Biol. 4(12): 937--944</reference>
    <internal_note>Analysis: WT-exp</internal_note>
    <reference>FBrf0158855 == gm12322 == Bradley et al., 2003, Dev. Biol. 257(2): 249--262</reference>
    <internal_note>Analysis: WT-exp</internal_note>
    <reference>FBrf0162071 == ds395 == Jenkins et al., 2003, Development 130(18): 4417--4426</reference>
    <internal_note>Analysis: WT-exp, mut-exp</internal_note>
    <allele>
      <allele_symbol>alpha-Cat[a.cMa]</allele_symbol>
      <allele_symbol_sgml>&amp;agr;-Cat&lt;up&gt;a.cMa&lt;/up&gt;</allele_symbol_sgml>
      <FBid>FBal0141971</FBid>
      <greference>FBrf0151270 == gm11199.h == Magie et al., 2002, Development 129(16): 3771--3782</greference>
      <reference>FBrf0151270 == gm11199.h == Magie et al., 2002, Development 129(16): 3771--3782</reference>
      <origin>
        <origin_entry>in vitro construct | RNAi</origin_entry>
      </origin>
      <phenotype>
        <mode_of_assay>Whole-organism transient assay</mode_of_assay>
        <phenotype_desc>Embryos injected with @&amp;agr;-Cat@ dsRNA (made by annealing @&amp;agr;-Cat&lt;up&gt;cMa&lt;/up&gt;@
and @&amp;agr;-Cat&lt;up&gt;a.cMa&lt;/up&gt;@ RNA) cannot carry out the cell movements that
accompany the early stages of gastrulation and fail to form recognisable
structures.
</phenotype_desc>
      </phenotype>
      <molecular_info>Construct: Template corresponding to @&amp;agr;-Cat@ sequences in the antisense orientation.</molecular_info>
      <misc_comment>Single-stranded RNA (ssRNA) has been synthesised from the template
and annealed with ssRNA produced from @&amp;agr;-Cat&lt;up&gt;cMa&lt;/up&gt;@ to produce dsRNA.
The dsRNA has been injected into embryos to study the phenotypic consequences
of dsRNA interference (RNAi) of the @&amp;agr;-Cat@ gene.</misc_comment>
    </allele>
    <allele>
      <allele_symbol>alpha-Cat[cMa]</allele_symbol>
      <allele_symbol_sgml>&amp;agr;-Cat&lt;up&gt;cMa&lt;/up&gt;</allele_symbol_sgml>
      <FBid>FBal0141970</FBid>
      <greference>FBrf0151270 == gm11199.h == Magie et al., 2002, Development 129(16): 3771--3782</greference>
      <reference>FBrf0151270 == gm11199.h == Magie et al., 2002, Development 129(16): 3771--3782</reference>
      <origin>
        <origin_entry>in vitro construct | RNAi</origin_entry>
      </origin>
      <phenotype>
        <mode_of_assay>Whole-organism transient assay</mode_of_assay>
        <phenotype_desc>Embryos injected with @&amp;agr;-Cat@ dsRNA (made by annealing @&amp;agr;-Cat&lt;up&gt;cMa&lt;/up&gt;@
and @&amp;agr;-Cat&lt;up&gt;a.cMa&lt;/up&gt;@ RNA) cannot carry out the cell movements that
accompany the early stages of gastrulation and fail to form recognisable
structures.
</phenotype_desc>
      </phenotype>
      <molecular_info>Construct: Template corresponding to @&amp;agr;-Cat@ sequences in the sense orientation.</molecular_info>
      <misc_comment>Single-stranded RNA (ssRNA) has been synthesised from the template
and annealed with ssRNA produced from @&amp;agr;-Cat&lt;up&gt;a.cMa&lt;/up&gt;@ to produce
dsRNA. The dsRNA has been injected into embryos to study the phenotypic
consequences of dsRNA interference (RNAi) of the @&amp;agr;-Cat@ gene.</misc_comment>
    </allele>
    <allele>
      <allele_symbol>alpha-Cat[dsRNA.cYa]</allele_symbol>
      <allele_symbol_sgml>&amp;agr;-Cat&lt;up&gt;dsRNA.cYa&lt;/up&gt;</allele_symbol_sgml>
      <FBid>FBal0145257</FBid>
      <greference>FBrf0146998 == cy1818.hf == Yanagawa et al., 2002, EMBO J. 21(7): 1733--1742</greference>
      <reference>FBrf0146998 == cy1818.hf == Yanagawa et al., 2002, EMBO J. 21(7): 1733--1742</reference>
      <origin>
        <origin_entry>in vitro construct | RNAi</origin_entry>
      </origin>
      <phenotype>
        <mode_of_assay>Drosophila cell culture</mode_of_assay>
      </phenotype>
      <molecular_info>Construct: Template corresponds to @&amp;agr;-Cat@ sequences.</molecular_info>
      <misc_comment>dsRNA has been synthesised from the template and added to the culture
medium of S2R+ cells to study its effect on @arm@ protein accumulation.</misc_comment>
    </allele>
    <allele>
      <allele_symbol>alpha-Cat[Scer\UAS.P\T.cMa]</allele_symbol>
      <allele_symbol_sgml>&amp;agr;-Cat&lt;up&gt;Scer\UAS.P\T.cMa&lt;/up&gt;</allele_symbol_sgml>
      <FBid>FBal0141972</FBid>
      <record_synonym>
        <synonym>alpha-Cat[Scer\UAS.cMa]</synonym>
        <synonym_sgml>&amp;agr;-Cat&lt;up&gt;Scer\UAS.cMa&lt;/up&gt;</synonym_sgml>
      </record_synonym>
      <greference>FBrf0151270 == gm11199.h == Magie et al., 2002, Development 129(16): 3771--3782</greference>
      <reference>FBrf0151270 == gm11199.h == Magie et al., 2002, Development 129(16): 3771--3782</reference>
      <origin>
        <origin_entry>in vitro construct | regulatory fusion</origin_entry>
      </origin>
      <transposon>
        <transposon_symbol>FBtp0016550 == P{UASp-alpha-Cat.M}</transposon_symbol>
        <transposon_symbol_sgml>FBtp0016550 == P{UASp-&amp;agr;-Cat.M}</transposon_symbol_sgml>
        <synonym>UAS-alpha-catenin</synonym>
        <synonym_sgml>UAS-&amp;agr;-catenin</synonym_sgml>
      </transposon>
      <phenotype>
        <phenotypic_class>
          <pclass>lethal</pclass>
          <pclass>partially { Scer\GAL4[Act5C.PI] }</pclass>
        </phenotypic_class>
        <mode_of_assay>In transgenic Drosophila</mode_of_assay>
        <phenotype_desc>Expression of @&amp;agr;-Cat&lt;up&gt;Scer\UAS.P\T.cMa&lt;/up&gt;@ under the control of @Scer\GAL4&lt;up&gt;Act5C.PI&lt;/up&gt;@
results in about 15% lethality, with 1/3 of these embryos showing very
mild segmentation defects.
</phenotype_desc>
      </phenotype>
      <allele_interaction>Genetic interaction (effect, anatomy): enhancer, embryonic segment { Rho1&lt;up&gt;unspecified&lt;/up&gt;, Scer\GAL4&lt;up&gt;Act5C.PI&lt;/up&gt; }
The incidence and severity of segmentation defects in homozygous @Rho1@
mutant embryos is enhanced by expression of @&amp;agr;-Cat&lt;up&gt;Scer\UAS.P\T.cMa&lt;/up&gt;@
under the control of @Scer\GAL4&lt;up&gt;Act5C.PI&lt;/up&gt;@.</allele_interaction>
      <molecular_info>Construct: @Scer\UAS@ regulatory sequences and @P\T@ promoter sequences drive</molecular_info>
      <molecular_info>expression of the @&amp;agr;-Cat@ open reading frame.</molecular_info>
    </allele>
    <allele>
      <allele_symbol>alpha-Cat[Scer\UAS.T:Avic\GFP-sg]</allele_symbol>
      <allele_symbol_sgml>&amp;agr;-Cat&lt;up&gt;Scer\UAS.T:Avic\GFP-sg&lt;/up&gt;</allele_symbol_sgml>
      <FBid>FBal0095916</FBid>
      <record_synonym>
        <synonym>alpha-Cat[Scer\UAS.T:Avic\GFP]</synonym>
        <synonym_sgml>&amp;agr;-Cat&lt;up&gt;Scer\UAS.T:Avic\GFP&lt;/up&gt;</synonym_sgml>
      </record_synonym>
      <greference>FBrf0158855 == gm12322 == Bradley et al., 2003, Dev. Biol. 257(2): 249--262</greference>
      <greference>FBrf0131320 == cy974.h == Jacinto et al., 2000, Curr. Biol. 10(22): 1420--1426</greference>
      <greference>FBrf0151481 == gm10728.h == Knox and Brown, 2002, Science 295(5558): 1285--1288</greference>
      <greference>FBrf0144779 == cy1553.hf == Le Borgne et al., 2002, Curr. Biol. 12(2): 95--104</greference>
      <greference>FBrf0124973 == cy341.h == gm000731.e == Oda and Tsukita, 1999, Dev. Biol. 216(1): 406--422</greference>
      <greference>FBrf0107917 == gm5958.h == Oda and Tsukita, 1999, Dev. Genes Evol. 209(4): 218--225</greference>
      <greference>FBrf0159036 == rd4832 == Roch et al., 2003, J. Cell Sci. 116(7): 1199--1207</greference>
      <greference>FBrf0151250 == gm10973.h == Schock and Perrimon, 2002, Dev. Biol. 248(1): 29--39</greference>
      <greference>FBrf0152249 == ds266 == Wood et al., 2002, Nature Cell Biol. 4(11): 907--912</greference>
      <greference>FBrf0155993 == ds267 == Kaltschmidt et al., 2002, Nature Cell Biol. 4(12): 937--944</greference>
      <reference>FBrf0107917 == gm5958.h == Oda and Tsukita, 1999, Dev. Genes Evol. 209(4): 218--225</reference>
      <record_synonym>
        <synonym>unnamed</synonym>
        <synonym_sgml>unnamed</synonym_sgml>
      </record_synonym>
      <origin>
        <origin_entry>in vitro construct | regulatory fusion</origin_entry>
      </origin>
      <origin>
        <origin_entry>in vitro construct | coding region fusion</origin_entry>
      </origin>
      <transposon>
        <transposon_symbol>FBtp0010647 == P{UAS-alpha-Cat.T:GFP.sg}</transposon_symbol>
        <transposon_symbol_sgml>FBtp0010647 == P{UAS-&amp;agr;-Cat.T:GFP.sg}</transposon_symbol_sgml>
        <synonym>UAS-DalphaC-GFP</synonym>
        <synonym_sgml>UAS-D&amp;agr;C-GFP</synonym_sgml>
      </transposon>
      <phenotype>
        <mode_of_assay>In transgenic Drosophila</mode_of_assay>
        <phenotype_desc>No morphological abnormalities are seen in embryos expressing @&amp;agr;-Cat&lt;up&gt;Scer\UAS.T:Avic\GFP-sg&lt;/up&gt;@
under the control of @Scer\GAL4&lt;up&gt;en-e16E&lt;/up&gt;@.
</phenotype_desc>
      </phenotype>
      <molecular_info>Construct: @Scer\UAS@ regulatory sequences drive expression of full length @&amp;agr;-Cat@</molecular_info>
      <molecular_info>tagged at the carboxyl terminus with @T:Avic\GFP@.</molecular_info>
      <reference>FBrf0124973 == cy341.h == gm000731.e == Oda and Tsukita, 1999, Dev. Biol. 216(1): 406--422</reference>
      <transposon>
        <transposon_symbol>FBtp0010647 == P{UAS-alpha-Cat.T:GFP.sg}</transposon_symbol>
        <transposon_symbol_sgml>FBtp0010647 == P{UAS-&amp;agr;-Cat.T:GFP.sg}</transposon_symbol_sgml>
        <synonym>UAS-DalphaC-GFP</synonym>
        <synonym_sgml>UAS-D&amp;agr;C-GFP</synonym_sgml>
      </transposon>
      <phenotype>
        <phenotype_desc>@&amp;agr;-Cat&lt;up&gt;Scer\UAS.T:Avic\GFP-sg&lt;/up&gt;@ when driven by @Scer\GAL4&lt;up&gt;btl.PS&lt;/up&gt;@
produces embryos with normal adherens junction patterns. Almost all
(98.9%) dorsal trunk fusions are successful.
</phenotype_desc>
      </phenotype>
      <allele_interaction>Genetic interaction (anatomy, effect): embryonic/larval tracheal system, UI { shg&lt;up&gt;2&lt;/up&gt;/Df(2R)E2, Scer\GAL4&lt;up&gt;btl.PS&lt;/up&gt; }
Genetic interaction (anatomy, effect): embryonic/larval dorsal trunk, UI { shg&lt;up&gt;2&lt;/up&gt;/Df(2R)E2, Scer\GAL4&lt;up&gt;btl.PS&lt;/up&gt; }
@shg&lt;up&gt;2&lt;/up&gt;@/@Df(2R)E2@ embryos with @&amp;agr;-Cat&lt;up&gt;Scer\UAS.T:Avic\GFP-sg&lt;/up&gt;@
driven by @Scer\GAL4&lt;up&gt;btl.PS&lt;/up&gt;@, show largely disordered tracheal branching.
No successful dorsal trunk fusions are seen in these embryos. The
addition of @shg&lt;up&gt;Scer\UAS.cOa&lt;/up&gt;@ to these flies rescues these phenotypes
to nearly wild-type. Tracheal patterning is normal, although tracheal
branches and and connectives in the embryos are less extend than in
wild-type.</allele_interaction>
      <reference>FBrf0131320 == cy974.h == Jacinto et al., 2000, Curr. Biol. 10(22): 1420--1426</reference>
      <transposon>
        <transposon_symbol>FBtp0010647 == P{UAS-alpha-Cat.T:GFP.sg}</transposon_symbol>
        <transposon_symbol_sgml>FBtp0010647 == P{UAS-&amp;agr;-Cat.T:GFP.sg}</transposon_symbol_sgml>
        <synonym>UAS-alpha-catenin-GFP</synonym>
        <synonym_sgml>UAS-&amp;agr;-catenin-GFP</synonym_sgml>
      </transposon>
      <reference>FBrf0144779 == cy1553.hf == Le Borgne et al., 2002, Curr. Biol. 12(2): 95--104</reference>
      <transposon>
        <transposon_symbol>FBtp0010647 == P{UAS-alpha-Cat.T:GFP.sg}</transposon_symbol>
        <transposon_symbol_sgml>FBtp0010647 == P{UAS-&amp;agr;-Cat.T:GFP.sg}</transposon_symbol_sgml>
        <synonym>UAS-alpha-Catenin-GFP</synonym>
        <synonym_sgml>UAS-&amp;agr;-Catenin-GFP</synonym_sgml>
      </transposon>
      <reference>FBrf0151250 == gm10973.h == Schock and Perrimon, 2002, Dev. Biol. 248(1): 29--39</reference>
      <transposon>
        <transposon_symbol>FBtp0010647 == P{UAS-alpha-Cat.T:GFP.sg}</transposon_symbol>
        <transposon_symbol_sgml>FBtp0010647 == P{UAS-&amp;agr;-Cat.T:GFP.sg}</transposon_symbol_sgml>
        <synonym>UASalpha-cateninGFP</synonym>
        <synonym_sgml>UAS&amp;agr;-cateninGFP</synonym_sgml>
      </transposon>
      <reference>FBrf0151481 == gm10728.h == Knox and Brown, 2002, Science 295(5558): 1285--1288</reference>
      <transposon>
        <transposon_symbol>FBtp0010647 == P{UAS-alpha-Cat.T:GFP.sg}</transposon_symbol>
        <transposon_symbol_sgml>FBtp0010647 == P{UAS-&amp;agr;-Cat.T:GFP.sg}</transposon_symbol_sgml>
      </transposon>
      <reference>FBrf0152249 == ds266 == Wood et al., 2002, Nature Cell Biol. 4(11): 907--912</reference>
      <transposon>
        <transposon_symbol>FBtp0010647 == P{UAS-alpha-Cat.T:GFP.sg}</transposon_symbol>
        <transposon_symbol_sgml>FBtp0010647 == P{UAS-&amp;agr;-Cat.T:GFP.sg}</transposon_symbol_sgml>
        <synonym>UAS-alpha-catenin-GFP</synonym>
        <synonym_sgml>UAS-&amp;agr;-catenin-GFP</synonym_sgml>
      </transposon>
      <reference>FBrf0155993 == ds267 == Kaltschmidt et al., 2002, Nature Cell Biol. 4(12): 937--944</reference>
      <transposon>
        <transposon_symbol>FBtp0010647 == P{UAS-alpha-Cat.T:GFP.sg}</transposon_symbol>
        <transposon_symbol_sgml>FBtp0010647 == P{UAS-&amp;agr;-Cat.T:GFP.sg}</transposon_symbol_sgml>
        <synonym>alpha-catenin-GFP</synonym>
        <synonym_sgml>&amp;agr;-catenin-GFP</synonym_sgml>
      </transposon>
      <reference>FBrf0158855 == gm12322 == Bradley et al., 2003, Dev. Biol. 257(2): 249--262</reference>
      <transposon>
        <transposon_symbol>FBtp0010647 == P{UAS-alpha-Cat.T:GFP.sg}</transposon_symbol>
        <transposon_symbol_sgml>FBtp0010647 == P{UAS-&amp;agr;-Cat.T:GFP.sg}</transposon_symbol_sgml>
        <synonym>UAS-Dalpha-catenin-GFP</synonym>
        <synonym_sgml>UAS-D&amp;agr;-catenin-GFP</synonym_sgml>
      </transposon>
      <reference>FBrf0159036 == rd4832 == Roch et al., 2003, J. Cell Sci. 116(7): 1199--1207</reference>
      <transposon>
        <transposon_symbol>FBtp0010647 == P{UAS-alpha-Cat.T:GFP.sg}</transposon_symbol>
        <transposon_symbol_sgml>FBtp0010647 == P{UAS-&amp;agr;-Cat.T:GFP.sg}</transposon_symbol_sgml>
      </transposon>
    </allele>
  </gene>
  <gene>
    <gene_symbol>alpha-Cat::shg</gene_symbol>
    <gene_symbol_sgml>&amp;agr;-Cat::shg</gene_symbol_sgml>
    <FBid>FBgn0065043</FBid>
    <greference>FBrf0151275 == gm11204.h == Dumstrei et al., 2002, Development 129(17): 3983--3994</greference>
    <reference>FBrf0151275 == gm11204.h == Dumstrei et al., 2002, Development 129(17): 3983--3994</reference>
    <record_type>fusion_gene</record_type>
    <allele>
      <allele_symbol>alpha-Cat::shg[Scer\UAS.cNa]</allele_symbol>
      <allele_symbol_sgml>&amp;agr;-Cat::shg&lt;up&gt;Scer\UAS.cNa&lt;/up&gt;</allele_symbol_sgml>
      <FBid>FBal0141973</FBid>
      <greference>FBrf0151275 == gm11204.h == Dumstrei et al., 2002, Development 129(17): 3983--3994</greference>
      <reference>FBrf0151275 == gm11204.h == Dumstrei et al., 2002, Development 129(17): 3983--3994</reference>
      <full_name>Saccharomyces cerevisiae UAS construct a of Niewiadomska</full_name>
      <full_name_sgml>Saccharomyces cerevisiae UAS construct a of Niewiadomska</full_name_sgml>
      <origin>
        <origin_entry>in vitro construct | regulatory fusion</origin_entry>
      </origin>
      <origin>
        <origin_entry>in vitro construct | coding region fusion</origin_entry>
      </origin>
      <transposon>
        <transposon_symbol>FBtp0016551 == P{UAS-alpha-Cat::shg.N}</transposon_symbol>
        <transposon_symbol_sgml>FBtp0016551 == P{UAS-&amp;agr;-Cat::shg.N}</transposon_symbol_sgml>
        <synonym>UAS-DE-cad-alpha-catenin</synonym>
        <synonym_sgml>UAS-DE-cad-&amp;agr;-catenin</synonym_sgml>
      </transposon>
      <discoverer>P. Niewiadomska</discoverer>
      <discoverer>U. Tepass</discoverer>
      <phenotype>
        <phenotype_manifest_in>embryonic optic lobe { Scer\GAL4[da.G32] }</phenotype_manifest_in>
        <phenotype_manifest_in>embryonic Bolwig's organ { Scer\GAL4[da.G32] }</phenotype_manifest_in>
        <mode_of_assay>In transgenic Drosophila</mode_of_assay>
        <phenotype_desc>Stage 16 embryos expressing @&amp;agr;-Cat::shg&lt;up&gt;Scer\UAS.cNa&lt;/up&gt;@ under the
control of @Scer\GAL4&lt;up&gt;da.G32&lt;/up&gt;@ show a lack of separation of the optic
lobe and Bolwig's organ.
</phenotype_desc>
      </phenotype>
      <molecular_info>Construct: @Scer\UAS@ regulatory sequences drive expression of a fusion protein</molecular_info>
      <molecular_info>in which the cytoplasmic tail of @shg@ has been replaced by a truncated</molecular_info>
      <molecular_info>form of @&amp;agr;-Cat@ lacking the N-terminal domain.</molecular_info>
    </allele>
  </gene>
  <gene>
    <gene_symbol>alpha-Est1</gene_symbol>
    <gene_symbol_sgml>&amp;agr;-Est1</gene_symbol_sgml>
    <FBid>FBgn0015568</FBid>
    <full_name>alpha-Esterase-1</full_name>
    <full_name_sgml>&amp;agr;-Esterase-1</full_name_sgml>
    <record_synonym>
      <synonym>CG1031</synonym>
      <synonym_sgml>CG1031</synonym_sgml>
    </record_synonym>
    <genetic_location>
      <gloc>3-</gloc>
    </genetic_location>
    <cyto_location>
      <cloc>84D9</cloc>
    </cyto_location>
    <cyto_location>
      <cloc>Limits computationally determined from genome sequence between @P{EP}EP3060&lt;up&gt;EP3060&lt;/up&gt;@ and @P{PZ}grn&lt;up&gt;05930&lt;/up&gt;@</cloc>
    </cyto_location>
    <gene_aneuploid>Deficiency: Df(3R)D7 (inferred from cytology)</gene_aneuploid>
    <gene_aneuploid>Duplication: Dp(3;3)D1 (inferred from cytology)</gene_aneuploid>
    <NA_accession>AA979166; BDGP-DGC:LD33453</NA_accession>
    <NA_accession>AE003671; AAF54002</NA_accession>
    <NA_accession>AW943186; BDGP-DGC:LD33453</NA_accession>
    <NA_accession>AY058637; AAL13866; BDGP-DGC:LD33453</NA_accession>
    <NA_accession>U51043; AAB01142</NA_accession>
    <AA_accession>SPTREMBL:Q24194</AA_accession>
    <AA_accession>SPTREMBL:Q9VIC3</AA_accession>
    <protein_domain>IPR000379 == Esterase/lipase/thioesterase family active site</protein_domain>
    <protein_domain>IPR002018 == Carboxylesterases type-B</protein_domain>
    <greference>FBrf0126651 == Ashburner, 1999.11, curated genome annotation</greference>
    <greference>FBrf0125078 == BDGP Project Members, 2000-, computer file</greference>
    <greference>FBrf0126705 == FamiliarityBreedsContempt, 1999.11, automatic genome annotation</greference>
    <greference>FBrf0105495 == FlyBase, 1992-, computer file</greference>
    <greference>FBrf0161459 == Mi et al., 2003.9.9, personal communication to FlyBase</greference>
    <greference>FBrf0090764 == ew5519 == Robin et al., 1996, J. molec. Evol. 43(3): 241--252</greference>
    <greference>FBrf0126818 == gm7655.hf == Robin et al., 2000, Molec. Biol. Evol. 17(4): 563--575</greference>
    <greference>FBrf0086601 == ew5508.h == Russell et al., 1996, Insect Biochem. Molec. Biol. 26(3): 235--247</greference>
    <greference>FBrf0126703 == Zhong, 1999.11, curated genome annotation</greference>
    <reference>FBrf0086601 == ew5508.h == Russell et al., 1996, Insect Biochem. Molec. Biol. 26(3): 235--247</reference>
    <record_synonym>
      <synonym>alphaE1</synonym>
      <synonym_sgml>&amp;agr;E1</synonym_sgml>
    </record_synonym>
    <record_synonym>
      <synonym>A: fragment A</synonym>
      <synonym_sgml>A: fragment A</synonym_sgml>
    </record_synonym>
    <cyto_location>
      <cloc>84D3--10 (determined by in situ hybridisation)</cloc>
    </cyto_location>
    <phenotype>
      <phenotype_desc>Eleven putative esterase genes from the region containing the &amp;agr;-esterase
cluster are cloned. The complete amino acid sequence of @&amp;agr;-Est1@
contains motifs characteristic of a functional carboxyl/cholinesterase.
</phenotype_desc>
    </phenotype>
    <reference>FBrf0090764 == ew5519 == Robin et al., 1996, J. molec. Evol. 43(3): 241--252</reference>
    <record_synonym>
      <synonym>alphaE1</synonym>
      <synonym_sgml>&amp;agr;E1</synonym_sgml>
    </record_synonym>
    <record_synonym>
      <synonym>A: fragment A</synonym>
      <synonym_sgml>A: fragment A</synonym_sgml>
    </record_synonym>
    <molecular_info>Gene order: Overall orientation not stated: &amp;agr;-Est1+ &amp;agr;-Est2-</molecular_info>
    <molecular_info>Gene order: &amp;agr;-Est3+ &amp;agr;-Est4+ &amp;agr;-Est5+ Rtnl2+ &amp;agr;-Est6+ &amp;agr;-Est4a&amp;PSgr;-</molecular_info>
    <molecular_info>Gene order: &amp;agr;-Est6+ &amp;agr;-Est7+ Ubc84D+ &amp;agr;-Est8+ &amp;agr;-Est9+ &amp;agr;-Est10+</molecular_info>
    <reference>FBrf0119538 == Robin, 1996.3.11, GenBank/EMBL/DDBJ: U51043</reference>
    <record_synonym>
      <synonym>aE1</synonym>
      <synonym_sgml>aE1</synonym_sgml>
    </record_synonym>
    <genetic_location>
      <gloc>3-</gloc>
    </genetic_location>
    <cyto_location>
      <cloc>84D3--10</cloc>
    </cyto_location>
    <reference>FBrf0125078 == BDGP Project Members, 2000-, computer file</reference>
    <molecular_info>Identified with: LD33453 (BDGP-DGC)</molecular_info>
    <reference>FBrf0126703 == Zhong, 1999.11, curated genome annotation</reference>
    <generel>
      <gene_relationship>Source for identity of: &amp;agr;-Est1 CG1031</gene_relationship>
    </generel>
    <reference>FBrf0126818 == gm7655.hf == Robin et al., 2000, Molec. Biol. Evol. 17(4): 563--575</reference>
    <record_synonym>
      <synonym>alphaE1</synonym>
      <synonym_sgml>&amp;agr;E1</synonym_sgml>
    </record_synonym>
    <molecular_info>Gene order: Overall orientation not stated: &amp;agr;-Est1+ &amp;agr;-Est2- &amp;agr;-Est3+</molecular_info>
    <molecular_info>Gene order: &amp;agr;-Est4+ &amp;agr;-Est5+ Rtnl2+ &amp;agr;-Est6+ &amp;agr;-Est4a&amp;PSgr;- &amp;agr;-Est6+</molecular_info>
    <molecular_info>Gene order: &amp;agr;-Est7+ Ubc84D+ &amp;agr;-Est8+ &amp;agr;-Est9+ &amp;agr;-Est10+</molecular_info>
  </gene>
</starcode>
